2024-01-16 14:24:41,444:WARNING:
'cuml' is a soft dependency and not included in the pycaret installation. Please run: `pip install cuml` to install.
2024-01-16 14:24:41,444:WARNING:
'cuml' is a soft dependency and not included in the pycaret installation. Please run: `pip install cuml` to install.
2024-01-16 14:24:41,444:WARNING:
'cuml' is a soft dependency and not included in the pycaret installation. Please run: `pip install cuml` to install.
2024-01-16 14:24:41,444:WARNING:
'cuml' is a soft dependency and not included in the pycaret installation. Please run: `pip install cuml` to install.
2024-01-16 14:24:42,711:INFO:PyCaret ClassificationExperiment
2024-01-16 14:24:42,711:INFO:Logging name: clf-default-name
2024-01-16 14:24:42,711:INFO:ML Usecase: MLUsecase.CLASSIFICATION
2024-01-16 14:24:42,711:INFO:version 3.2.0
2024-01-16 14:24:42,711:INFO:Initializing setup()
2024-01-16 14:24:42,711:INFO:self.USI: 8fdc
2024-01-16 14:24:42,711:INFO:self._variable_keys: {'idx', 'is_multiclass', 'logging_param', '_available_plots', 'exp_name_log', 'fold_generator', 'target_param', 'USI', 'y_test', 'y_train', 'gpu_param', 'gpu_n_jobs_param', 'seed', 'log_plots_param', 'exp_id', 'X_train', 'data', 'fold_shuffle_param', 'html_param', 'y', 'n_jobs_param', 'pipeline', 'fold_groups_param', 'X', 'X_test', '_ml_usecase', 'memory', 'fix_imbalance'}
2024-01-16 14:24:42,711:INFO:Checking environment
2024-01-16 14:24:42,711:INFO:python_version: 3.9.18
2024-01-16 14:24:42,711:INFO:python_build: ('main', 'Sep 11 2023 14:09:26')
2024-01-16 14:24:42,711:INFO:machine: AMD64
2024-01-16 14:24:42,711:INFO:platform: Windows-10-10.0.22621-SP0
2024-01-16 14:24:42,715:INFO:Memory: svmem(total=16908730368, available=5982539776, percent=64.6, used=10926190592, free=5982539776)
2024-01-16 14:24:42,716:INFO:Physical Core: 6
2024-01-16 14:24:42,716:INFO:Logical Core: 12
2024-01-16 14:24:42,716:INFO:Checking libraries
2024-01-16 14:24:42,716:INFO:System:
2024-01-16 14:24:42,716:INFO:    python: 3.9.18 (main, Sep 11 2023, 14:09:26) [MSC v.1916 64 bit (AMD64)]
2024-01-16 14:24:42,716:INFO:executable: d:\anaconda3\envs\clase_pycaret\python.exe
2024-01-16 14:24:42,716:INFO:   machine: Windows-10-10.0.22621-SP0
2024-01-16 14:24:42,716:INFO:PyCaret required dependencies:
2024-01-16 14:24:43,335:INFO:                 pip: 23.3.1
2024-01-16 14:24:43,335:INFO:          setuptools: 68.2.2
2024-01-16 14:24:43,335:INFO:             pycaret: 3.2.0
2024-01-16 14:24:43,335:INFO:             IPython: 8.18.1
2024-01-16 14:24:43,335:INFO:          ipywidgets: 8.1.1
2024-01-16 14:24:43,335:INFO:                tqdm: 4.66.1
2024-01-16 14:24:43,336:INFO:               numpy: 1.25.2
2024-01-16 14:24:43,336:INFO:              pandas: 1.5.3
2024-01-16 14:24:43,336:INFO:              jinja2: 3.1.3
2024-01-16 14:24:43,336:INFO:               scipy: 1.10.1
2024-01-16 14:24:43,336:INFO:              joblib: 1.3.2
2024-01-16 14:24:43,336:INFO:             sklearn: 1.2.2
2024-01-16 14:24:43,336:INFO:                pyod: 1.1.2
2024-01-16 14:24:43,336:INFO:            imblearn: 0.11.0
2024-01-16 14:24:43,336:INFO:   category_encoders: 2.6.3
2024-01-16 14:24:43,336:INFO:            lightgbm: 4.2.0
2024-01-16 14:24:43,336:INFO:               numba: 0.58.1
2024-01-16 14:24:43,336:INFO:            requests: 2.31.0
2024-01-16 14:24:43,336:INFO:          matplotlib: 3.6.0
2024-01-16 14:24:43,336:INFO:          scikitplot: 0.3.7
2024-01-16 14:24:43,336:INFO:         yellowbrick: 1.5
2024-01-16 14:24:43,336:INFO:              plotly: 5.18.0
2024-01-16 14:24:43,336:INFO:    plotly-resampler: Not installed
2024-01-16 14:24:43,336:INFO:             kaleido: 0.2.1
2024-01-16 14:24:43,336:INFO:           schemdraw: 0.15
2024-01-16 14:24:43,336:INFO:         statsmodels: 0.14.1
2024-01-16 14:24:43,336:INFO:              sktime: 0.21.1
2024-01-16 14:24:43,336:INFO:               tbats: 1.1.3
2024-01-16 14:24:43,336:INFO:            pmdarima: 2.0.4
2024-01-16 14:24:43,336:INFO:              psutil: 5.9.7
2024-01-16 14:24:43,336:INFO:          markupsafe: 2.1.3
2024-01-16 14:24:43,336:INFO:             pickle5: Not installed
2024-01-16 14:24:43,336:INFO:         cloudpickle: 2.2.1
2024-01-16 14:24:43,336:INFO:         deprecation: 2.1.0
2024-01-16 14:24:43,336:INFO:              xxhash: 3.4.1
2024-01-16 14:24:43,336:INFO:           wurlitzer: Not installed
2024-01-16 14:24:43,336:INFO:PyCaret optional dependencies:
2024-01-16 14:24:45,196:INFO:                shap: 0.44.0
2024-01-16 14:24:45,196:INFO:           interpret: 0.5.0
2024-01-16 14:24:45,196:INFO:                umap: 0.5.5
2024-01-16 14:24:45,196:INFO:     ydata_profiling: 4.6.0
2024-01-16 14:24:45,196:INFO:  explainerdashboard: 0.4.5
2024-01-16 14:24:45,196:INFO:             autoviz: Not installed
2024-01-16 14:24:45,196:INFO:           fairlearn: 0.7.0
2024-01-16 14:24:45,196:INFO:          deepchecks: Not installed
2024-01-16 14:24:45,196:INFO:             xgboost: 2.0.3
2024-01-16 14:24:45,197:INFO:            catboost: 1.2.2
2024-01-16 14:24:45,197:INFO:              kmodes: 0.12.2
2024-01-16 14:24:45,197:INFO:             mlxtend: 0.23.1
2024-01-16 14:24:45,197:INFO:       statsforecast: 1.5.0
2024-01-16 14:24:45,197:INFO:        tune_sklearn: 0.5.0
2024-01-16 14:24:45,197:INFO:                 ray: 2.9.0
2024-01-16 14:24:45,197:INFO:            hyperopt: 0.2.7
2024-01-16 14:24:45,197:INFO:              optuna: 3.5.0
2024-01-16 14:24:45,197:INFO:               skopt: 0.9.0
2024-01-16 14:24:45,197:INFO:              mlflow: 1.30.1
2024-01-16 14:24:45,197:INFO:              gradio: 3.50.2
2024-01-16 14:24:45,197:INFO:             fastapi: 0.109.0
2024-01-16 14:24:45,197:INFO:             uvicorn: 0.26.0
2024-01-16 14:24:45,197:INFO:              m2cgen: 0.10.0
2024-01-16 14:24:45,197:INFO:           evidently: 0.2.8
2024-01-16 14:24:45,197:INFO:               fugue: 0.8.6
2024-01-16 14:24:45,197:INFO:           streamlit: Not installed
2024-01-16 14:24:45,197:INFO:             prophet: Not installed
2024-01-16 14:24:45,197:INFO:None
2024-01-16 14:24:45,197:INFO:Set up data.
2024-01-16 14:24:45,202:INFO:Set up folding strategy.
2024-01-16 14:24:45,202:INFO:Set up train/test split.
2024-01-16 14:24:45,204:INFO:Set up index.
2024-01-16 14:24:45,204:INFO:Assigning column types.
2024-01-16 14:24:45,205:INFO:Engine successfully changes for model 'lr' to 'sklearn'.
2024-01-16 14:24:45,232:INFO:Engine for model 'knn' has not been set explicitly, hence returning None.
2024-01-16 14:24:45,235:INFO:Engine for model 'rbfsvm' has not been set explicitly, hence returning None.
2024-01-16 14:24:45,255:INFO:Soft dependency imported: xgboost: 2.0.3
2024-01-16 14:24:45,256:INFO:Soft dependency imported: catboost: 1.2.2
2024-01-16 14:24:45,522:INFO:Engine for model 'knn' has not been set explicitly, hence returning None.
2024-01-16 14:24:45,523:INFO:Engine for model 'rbfsvm' has not been set explicitly, hence returning None.
2024-01-16 14:24:45,537:INFO:Soft dependency imported: xgboost: 2.0.3
2024-01-16 14:24:45,539:INFO:Soft dependency imported: catboost: 1.2.2
2024-01-16 14:24:45,539:INFO:Engine successfully changes for model 'knn' to 'sklearn'.
2024-01-16 14:24:45,566:INFO:Engine for model 'rbfsvm' has not been set explicitly, hence returning None.
2024-01-16 14:24:45,582:INFO:Soft dependency imported: xgboost: 2.0.3
2024-01-16 14:24:45,583:INFO:Soft dependency imported: catboost: 1.2.2
2024-01-16 14:24:45,609:INFO:Engine for model 'rbfsvm' has not been set explicitly, hence returning None.
2024-01-16 14:24:45,628:INFO:Soft dependency imported: xgboost: 2.0.3
2024-01-16 14:24:45,629:INFO:Soft dependency imported: catboost: 1.2.2
2024-01-16 14:24:45,630:INFO:Engine successfully changes for model 'rbfsvm' to 'sklearn'.
2024-01-16 14:24:45,671:INFO:Soft dependency imported: xgboost: 2.0.3
2024-01-16 14:24:45,674:INFO:Soft dependency imported: catboost: 1.2.2
2024-01-16 14:24:45,720:INFO:Soft dependency imported: xgboost: 2.0.3
2024-01-16 14:24:45,721:INFO:Soft dependency imported: catboost: 1.2.2
2024-01-16 14:24:45,723:INFO:Preparing preprocessing pipeline...
2024-01-16 14:24:45,723:INFO:Set up simple imputation.
2024-01-16 14:24:45,724:INFO:Set up column name cleaning.
2024-01-16 14:24:45,738:INFO:Finished creating preprocessing pipeline.
2024-01-16 14:24:45,742:INFO:Pipeline: Pipeline(memory=FastMemory(location=C:\Users\alexg\AppData\Local\Temp\joblib),
         steps=[('numerical_imputer',
                 TransformerWrapper(exclude=None,
                                    include=['Number of times pregnant',
                                             'Plasma glucose concentration a 2 '
                                             'hours in an oral glucose '
                                             'tolerance test',
                                             'Diastolic blood pressure (mm Hg)',
                                             'Triceps skin fold thickness (mm)',
                                             '2-Hour serum insulin (mu U/ml)',
                                             'Body mass index (weigh...
                 TransformerWrapper(exclude=None, include=[],
                                    transformer=SimpleImputer(add_indicator=False,
                                                              copy=True,
                                                              fill_value=None,
                                                              keep_empty_features=False,
                                                              missing_values=nan,
                                                              strategy='most_frequent',
                                                              verbose='deprecated'))),
                ('clean_column_names',
                 TransformerWrapper(exclude=None, include=None,
                                    transformer=CleanColumnNames(match='[\\]\\[\\,\\{\\}\\"\\:]+')))],
         verbose=False)
2024-01-16 14:24:45,742:INFO:Creating final display dataframe.
2024-01-16 14:24:45,787:INFO:Setup _display_container:                     Description             Value
0                    Session id                42
1                        Target    Class variable
2                   Target type            Binary
3           Original data shape          (768, 9)
4        Transformed data shape          (768, 9)
5   Transformed train set shape          (537, 9)
6    Transformed test set shape          (231, 9)
7              Numeric features                 8
8                    Preprocess              True
9               Imputation type            simple
10           Numeric imputation              mean
11       Categorical imputation              mode
12               Fold Generator   StratifiedKFold
13                  Fold Number                10
14                     CPU Jobs                -1
15                      Use GPU             False
16               Log Experiment             False
17              Experiment Name  clf-default-name
18                          USI              8fdc
2024-01-16 14:24:45,838:INFO:Soft dependency imported: xgboost: 2.0.3
2024-01-16 14:24:45,840:INFO:Soft dependency imported: catboost: 1.2.2
2024-01-16 14:24:45,884:INFO:Soft dependency imported: xgboost: 2.0.3
2024-01-16 14:24:45,885:INFO:Soft dependency imported: catboost: 1.2.2
2024-01-16 14:24:45,886:INFO:setup() successfully completed in 3.18s...............
2024-01-16 14:27:44,459:INFO:Initializing compare_models()
2024-01-16 14:27:44,459:INFO:compare_models(self=<pycaret.classification.oop.ClassificationExperiment object at 0x00000202791F91C0>, include=None, fold=None, round=4, cross_validation=True, sort=Accuracy, n_select=1, budget_time=None, turbo=True, errors=ignore, fit_kwargs=None, groups=None, experiment_custom_tags=None, probability_threshold=None, verbose=True, parallel=None, caller_params={'self': <pycaret.classification.oop.ClassificationExperiment object at 0x00000202791F91C0>, 'include': None, 'exclude': None, 'fold': None, 'round': 4, 'cross_validation': True, 'sort': 'Accuracy', 'n_select': 1, 'budget_time': None, 'turbo': True, 'errors': 'ignore', 'fit_kwargs': None, 'groups': None, 'experiment_custom_tags': None, 'probability_threshold': None, 'engine': None, 'verbose': True, 'parallel': None, '__class__': <class 'pycaret.classification.oop.ClassificationExperiment'>}, exclude=None)
2024-01-16 14:27:44,459:INFO:Checking exceptions
2024-01-16 14:27:44,463:INFO:Preparing display monitor
2024-01-16 14:27:44,489:INFO:Initializing Logistic Regression
2024-01-16 14:27:44,489:INFO:Total runtime is 0.0 minutes
2024-01-16 14:27:44,492:INFO:SubProcess create_model() called ==================================
2024-01-16 14:27:44,492:INFO:Initializing create_model()
2024-01-16 14:27:44,492:INFO:create_model(self=<pycaret.classification.oop.ClassificationExperiment object at 0x00000202791F91C0>, estimator=lr, fold=StratifiedKFold(n_splits=10, random_state=None, shuffle=False), round=4, cross_validation=True, predict=True, fit_kwargs={}, groups=None, refit=False, probability_threshold=None, experiment_custom_tags=None, verbose=False, system=False, add_to_model_list=True, metrics=None, display=<pycaret.internal.display.display.CommonDisplay object at 0x000002027F312FD0>, model_only=True, return_train_score=False, error_score=0.0, kwargs={})
2024-01-16 14:27:44,492:INFO:Checking exceptions
2024-01-16 14:27:44,492:INFO:Importing libraries
2024-01-16 14:27:44,492:INFO:Copying training dataset
2024-01-16 14:27:44,495:INFO:Defining folds
2024-01-16 14:27:44,495:INFO:Declaring metric variables
2024-01-16 14:27:44,500:INFO:Importing untrained model
2024-01-16 14:27:44,502:INFO:Logistic Regression Imported successfully
2024-01-16 14:27:44,509:INFO:Starting cross validation
2024-01-16 14:27:44,510:INFO:Cross validating with StratifiedKFold(n_splits=10, random_state=None, shuffle=False), n_jobs=-1
2024-01-16 14:27:49,125:INFO:Calculating mean and std
2024-01-16 14:27:49,126:INFO:Creating metrics dataframe
2024-01-16 14:27:49,129:INFO:Uploading results into container
2024-01-16 14:27:49,130:INFO:Uploading model into container now
2024-01-16 14:27:49,130:INFO:_master_model_container: 1
2024-01-16 14:27:49,130:INFO:_display_container: 2
2024-01-16 14:27:49,130:INFO:LogisticRegression(C=1.0, class_weight=None, dual=False, fit_intercept=True,
                   intercept_scaling=1, l1_ratio=None, max_iter=1000,
                   multi_class='auto', n_jobs=None, penalty='l2',
                   random_state=42, solver='lbfgs', tol=0.0001, verbose=0,
                   warm_start=False)
2024-01-16 14:27:49,130:INFO:create_model() successfully completed......................................
2024-01-16 14:27:49,216:INFO:SubProcess create_model() end ==================================
2024-01-16 14:27:49,216:INFO:Creating metrics dataframe
2024-01-16 14:27:49,221:INFO:Initializing K Neighbors Classifier
2024-01-16 14:27:49,221:INFO:Total runtime is 0.07886983156204223 minutes
2024-01-16 14:27:49,223:INFO:SubProcess create_model() called ==================================
2024-01-16 14:27:49,224:INFO:Initializing create_model()
2024-01-16 14:27:49,224:INFO:create_model(self=<pycaret.classification.oop.ClassificationExperiment object at 0x00000202791F91C0>, estimator=knn, fold=StratifiedKFold(n_splits=10, random_state=None, shuffle=False), round=4, cross_validation=True, predict=True, fit_kwargs={}, groups=None, refit=False, probability_threshold=None, experiment_custom_tags=None, verbose=False, system=False, add_to_model_list=True, metrics=None, display=<pycaret.internal.display.display.CommonDisplay object at 0x000002027F312FD0>, model_only=True, return_train_score=False, error_score=0.0, kwargs={})
2024-01-16 14:27:49,224:INFO:Checking exceptions
2024-01-16 14:27:49,224:INFO:Importing libraries
2024-01-16 14:27:49,224:INFO:Copying training dataset
2024-01-16 14:27:49,227:INFO:Defining folds
2024-01-16 14:27:49,227:INFO:Declaring metric variables
2024-01-16 14:27:49,231:INFO:Importing untrained model
2024-01-16 14:27:49,234:INFO:K Neighbors Classifier Imported successfully
2024-01-16 14:27:49,240:INFO:Starting cross validation
2024-01-16 14:27:49,242:INFO:Cross validating with StratifiedKFold(n_splits=10, random_state=None, shuffle=False), n_jobs=-1
2024-01-16 14:27:51,675:INFO:Calculating mean and std
2024-01-16 14:27:51,676:INFO:Creating metrics dataframe
2024-01-16 14:27:51,681:INFO:Uploading results into container
2024-01-16 14:27:51,681:INFO:Uploading model into container now
2024-01-16 14:27:51,682:INFO:_master_model_container: 2
2024-01-16 14:27:51,682:INFO:_display_container: 2
2024-01-16 14:27:51,682:INFO:KNeighborsClassifier(algorithm='auto', leaf_size=30, metric='minkowski',
                     metric_params=None, n_jobs=-1, n_neighbors=5, p=2,
                     weights='uniform')
2024-01-16 14:27:51,682:INFO:create_model() successfully completed......................................
2024-01-16 14:27:51,759:INFO:SubProcess create_model() end ==================================
2024-01-16 14:27:51,759:INFO:Creating metrics dataframe
2024-01-16 14:27:51,766:INFO:Initializing Naive Bayes
2024-01-16 14:27:51,766:INFO:Total runtime is 0.12128810485204061 minutes
2024-01-16 14:27:51,769:INFO:SubProcess create_model() called ==================================
2024-01-16 14:27:51,769:INFO:Initializing create_model()
2024-01-16 14:27:51,770:INFO:create_model(self=<pycaret.classification.oop.ClassificationExperiment object at 0x00000202791F91C0>, estimator=nb, fold=StratifiedKFold(n_splits=10, random_state=None, shuffle=False), round=4, cross_validation=True, predict=True, fit_kwargs={}, groups=None, refit=False, probability_threshold=None, experiment_custom_tags=None, verbose=False, system=False, add_to_model_list=True, metrics=None, display=<pycaret.internal.display.display.CommonDisplay object at 0x000002027F312FD0>, model_only=True, return_train_score=False, error_score=0.0, kwargs={})
2024-01-16 14:27:51,770:INFO:Checking exceptions
2024-01-16 14:27:51,770:INFO:Importing libraries
2024-01-16 14:27:51,770:INFO:Copying training dataset
2024-01-16 14:27:51,772:INFO:Defining folds
2024-01-16 14:27:51,772:INFO:Declaring metric variables
2024-01-16 14:27:51,774:INFO:Importing untrained model
2024-01-16 14:27:51,777:INFO:Naive Bayes Imported successfully
2024-01-16 14:27:51,784:INFO:Starting cross validation
2024-01-16 14:27:51,784:INFO:Cross validating with StratifiedKFold(n_splits=10, random_state=None, shuffle=False), n_jobs=-1
2024-01-16 14:27:51,831:INFO:Calculating mean and std
2024-01-16 14:27:51,831:INFO:Creating metrics dataframe
2024-01-16 14:27:51,833:INFO:Uploading results into container
2024-01-16 14:27:51,834:INFO:Uploading model into container now
2024-01-16 14:27:51,834:INFO:_master_model_container: 3
2024-01-16 14:27:51,834:INFO:_display_container: 2
2024-01-16 14:27:51,834:INFO:GaussianNB(priors=None, var_smoothing=1e-09)
2024-01-16 14:27:51,834:INFO:create_model() successfully completed......................................
2024-01-16 14:27:51,906:INFO:SubProcess create_model() end ==================================
2024-01-16 14:27:51,907:INFO:Creating metrics dataframe
2024-01-16 14:27:51,914:INFO:Initializing Decision Tree Classifier
2024-01-16 14:27:51,914:INFO:Total runtime is 0.12374540170033774 minutes
2024-01-16 14:27:51,917:INFO:SubProcess create_model() called ==================================
2024-01-16 14:27:51,917:INFO:Initializing create_model()
2024-01-16 14:27:51,917:INFO:create_model(self=<pycaret.classification.oop.ClassificationExperiment object at 0x00000202791F91C0>, estimator=dt, fold=StratifiedKFold(n_splits=10, random_state=None, shuffle=False), round=4, cross_validation=True, predict=True, fit_kwargs={}, groups=None, refit=False, probability_threshold=None, experiment_custom_tags=None, verbose=False, system=False, add_to_model_list=True, metrics=None, display=<pycaret.internal.display.display.CommonDisplay object at 0x000002027F312FD0>, model_only=True, return_train_score=False, error_score=0.0, kwargs={})
2024-01-16 14:27:51,917:INFO:Checking exceptions
2024-01-16 14:27:51,917:INFO:Importing libraries
2024-01-16 14:27:51,917:INFO:Copying training dataset
2024-01-16 14:27:51,920:INFO:Defining folds
2024-01-16 14:27:51,920:INFO:Declaring metric variables
2024-01-16 14:27:51,923:INFO:Importing untrained model
2024-01-16 14:27:51,927:INFO:Decision Tree Classifier Imported successfully
2024-01-16 14:27:51,933:INFO:Starting cross validation
2024-01-16 14:27:51,934:INFO:Cross validating with StratifiedKFold(n_splits=10, random_state=None, shuffle=False), n_jobs=-1
2024-01-16 14:27:51,987:INFO:Calculating mean and std
2024-01-16 14:27:51,987:INFO:Creating metrics dataframe
2024-01-16 14:27:51,989:INFO:Uploading results into container
2024-01-16 14:27:51,989:INFO:Uploading model into container now
2024-01-16 14:27:51,989:INFO:_master_model_container: 4
2024-01-16 14:27:51,989:INFO:_display_container: 2
2024-01-16 14:27:51,990:INFO:DecisionTreeClassifier(ccp_alpha=0.0, class_weight=None, criterion='gini',
                       max_depth=None, max_features=None, max_leaf_nodes=None,
                       min_impurity_decrease=0.0, min_samples_leaf=1,
                       min_samples_split=2, min_weight_fraction_leaf=0.0,
                       random_state=42, splitter='best')
2024-01-16 14:27:51,990:INFO:create_model() successfully completed......................................
2024-01-16 14:27:52,063:INFO:SubProcess create_model() end ==================================
2024-01-16 14:27:52,063:INFO:Creating metrics dataframe
2024-01-16 14:27:52,070:INFO:Initializing SVM - Linear Kernel
2024-01-16 14:27:52,070:INFO:Total runtime is 0.12634848753611247 minutes
2024-01-16 14:27:52,073:INFO:SubProcess create_model() called ==================================
2024-01-16 14:27:52,073:INFO:Initializing create_model()
2024-01-16 14:27:52,073:INFO:create_model(self=<pycaret.classification.oop.ClassificationExperiment object at 0x00000202791F91C0>, estimator=svm, fold=StratifiedKFold(n_splits=10, random_state=None, shuffle=False), round=4, cross_validation=True, predict=True, fit_kwargs={}, groups=None, refit=False, probability_threshold=None, experiment_custom_tags=None, verbose=False, system=False, add_to_model_list=True, metrics=None, display=<pycaret.internal.display.display.CommonDisplay object at 0x000002027F312FD0>, model_only=True, return_train_score=False, error_score=0.0, kwargs={})
2024-01-16 14:27:52,073:INFO:Checking exceptions
2024-01-16 14:27:52,073:INFO:Importing libraries
2024-01-16 14:27:52,073:INFO:Copying training dataset
2024-01-16 14:27:52,076:INFO:Defining folds
2024-01-16 14:27:52,077:INFO:Declaring metric variables
2024-01-16 14:27:52,080:INFO:Importing untrained model
2024-01-16 14:27:52,084:INFO:SVM - Linear Kernel Imported successfully
2024-01-16 14:27:52,090:INFO:Starting cross validation
2024-01-16 14:27:52,091:INFO:Cross validating with StratifiedKFold(n_splits=10, random_state=None, shuffle=False), n_jobs=-1
2024-01-16 14:27:52,118:WARNING:d:\anaconda3\envs\clase_pycaret\lib\site-packages\pycaret\internal\metrics.py:190: FitFailedWarning: Metric 'make_scorer(roc_auc_score, needs_proba=True, error_score=0.0, average=weighted, multi_class=ovr)' failed and error score 0.0 has been returned instead. If this is a custom metric, this usually means that the error is in the metric code. Full exception below:
Traceback (most recent call last):
  File "d:\anaconda3\envs\clase_pycaret\lib\site-packages\sklearn\metrics\_scorer.py", line 76, in _cached_call
    return cache[method]
KeyError: 'predict_proba'

During handling of the above exception, another exception occurred:

Traceback (most recent call last):
  File "d:\anaconda3\envs\clase_pycaret\lib\site-packages\pycaret\internal\metrics.py", line 182, in _score
    return super()._score(
  File "d:\anaconda3\envs\clase_pycaret\lib\site-packages\sklearn\metrics\_scorer.py", line 316, in _score
    y_pred = method_caller(clf, "predict_proba", X)
  File "d:\anaconda3\envs\clase_pycaret\lib\site-packages\sklearn\metrics\_scorer.py", line 78, in _cached_call
    result = getattr(estimator, method)(*args, **kwargs)
  File "d:\anaconda3\envs\clase_pycaret\lib\site-packages\pycaret\internal\pipeline.py", line 127, in __getattr__
    return getattr(self._final_estimator, name)
  File "d:\anaconda3\envs\clase_pycaret\lib\site-packages\sklearn\utils\_available_if.py", line 32, in __get__
    if not self.check(obj):
  File "d:\anaconda3\envs\clase_pycaret\lib\site-packages\sklearn\linear_model\_stochastic_gradient.py", line 1235, in _check_proba
    raise AttributeError(
AttributeError: probability estimates are not available for loss='hinge'

  warnings.warn(

2024-01-16 14:27:52,118:WARNING:d:\anaconda3\envs\clase_pycaret\lib\site-packages\pycaret\internal\metrics.py:190: FitFailedWarning: Metric 'make_scorer(roc_auc_score, needs_proba=True, error_score=0.0, average=weighted, multi_class=ovr)' failed and error score 0.0 has been returned instead. If this is a custom metric, this usually means that the error is in the metric code. Full exception below:
Traceback (most recent call last):
  File "d:\anaconda3\envs\clase_pycaret\lib\site-packages\sklearn\metrics\_scorer.py", line 76, in _cached_call
    return cache[method]
KeyError: 'predict_proba'

During handling of the above exception, another exception occurred:

Traceback (most recent call last):
  File "d:\anaconda3\envs\clase_pycaret\lib\site-packages\pycaret\internal\metrics.py", line 182, in _score
    return super()._score(
  File "d:\anaconda3\envs\clase_pycaret\lib\site-packages\sklearn\metrics\_scorer.py", line 316, in _score
    y_pred = method_caller(clf, "predict_proba", X)
  File "d:\anaconda3\envs\clase_pycaret\lib\site-packages\sklearn\metrics\_scorer.py", line 78, in _cached_call
    result = getattr(estimator, method)(*args, **kwargs)
  File "d:\anaconda3\envs\clase_pycaret\lib\site-packages\pycaret\internal\pipeline.py", line 127, in __getattr__
    return getattr(self._final_estimator, name)
  File "d:\anaconda3\envs\clase_pycaret\lib\site-packages\sklearn\utils\_available_if.py", line 32, in __get__
    if not self.check(obj):
  File "d:\anaconda3\envs\clase_pycaret\lib\site-packages\sklearn\linear_model\_stochastic_gradient.py", line 1235, in _check_proba
    raise AttributeError(
AttributeError: probability estimates are not available for loss='hinge'

  warnings.warn(

2024-01-16 14:27:52,119:WARNING:d:\anaconda3\envs\clase_pycaret\lib\site-packages\pycaret\internal\metrics.py:190: FitFailedWarning: Metric 'make_scorer(roc_auc_score, needs_proba=True, error_score=0.0, average=weighted, multi_class=ovr)' failed and error score 0.0 has been returned instead. If this is a custom metric, this usually means that the error is in the metric code. Full exception below:
Traceback (most recent call last):
  File "d:\anaconda3\envs\clase_pycaret\lib\site-packages\sklearn\metrics\_scorer.py", line 76, in _cached_call
    return cache[method]
KeyError: 'predict_proba'

During handling of the above exception, another exception occurred:

Traceback (most recent call last):
  File "d:\anaconda3\envs\clase_pycaret\lib\site-packages\pycaret\internal\metrics.py", line 182, in _score
    return super()._score(
  File "d:\anaconda3\envs\clase_pycaret\lib\site-packages\sklearn\metrics\_scorer.py", line 316, in _score
    y_pred = method_caller(clf, "predict_proba", X)
  File "d:\anaconda3\envs\clase_pycaret\lib\site-packages\sklearn\metrics\_scorer.py", line 78, in _cached_call
    result = getattr(estimator, method)(*args, **kwargs)
  File "d:\anaconda3\envs\clase_pycaret\lib\site-packages\pycaret\internal\pipeline.py", line 127, in __getattr__
    return getattr(self._final_estimator, name)
  File "d:\anaconda3\envs\clase_pycaret\lib\site-packages\sklearn\utils\_available_if.py", line 32, in __get__
    if not self.check(obj):
  File "d:\anaconda3\envs\clase_pycaret\lib\site-packages\sklearn\linear_model\_stochastic_gradient.py", line 1235, in _check_proba
    raise AttributeError(
AttributeError: probability estimates are not available for loss='hinge'

  warnings.warn(

2024-01-16 14:27:52,120:WARNING:d:\anaconda3\envs\clase_pycaret\lib\site-packages\pycaret\internal\metrics.py:190: FitFailedWarning: Metric 'make_scorer(roc_auc_score, needs_proba=True, error_score=0.0, average=weighted, multi_class=ovr)' failed and error score 0.0 has been returned instead. If this is a custom metric, this usually means that the error is in the metric code. Full exception below:
Traceback (most recent call last):
  File "d:\anaconda3\envs\clase_pycaret\lib\site-packages\sklearn\metrics\_scorer.py", line 76, in _cached_call
    return cache[method]
KeyError: 'predict_proba'

During handling of the above exception, another exception occurred:

Traceback (most recent call last):
  File "d:\anaconda3\envs\clase_pycaret\lib\site-packages\pycaret\internal\metrics.py", line 182, in _score
    return super()._score(
  File "d:\anaconda3\envs\clase_pycaret\lib\site-packages\sklearn\metrics\_scorer.py", line 316, in _score
    y_pred = method_caller(clf, "predict_proba", X)
  File "d:\anaconda3\envs\clase_pycaret\lib\site-packages\sklearn\metrics\_scorer.py", line 78, in _cached_call
    result = getattr(estimator, method)(*args, **kwargs)
  File "d:\anaconda3\envs\clase_pycaret\lib\site-packages\pycaret\internal\pipeline.py", line 127, in __getattr__
    return getattr(self._final_estimator, name)
  File "d:\anaconda3\envs\clase_pycaret\lib\site-packages\sklearn\utils\_available_if.py", line 32, in __get__
    if not self.check(obj):
  File "d:\anaconda3\envs\clase_pycaret\lib\site-packages\sklearn\linear_model\_stochastic_gradient.py", line 1235, in _check_proba
    raise AttributeError(
AttributeError: probability estimates are not available for loss='hinge'

  warnings.warn(

2024-01-16 14:27:52,124:WARNING:d:\anaconda3\envs\clase_pycaret\lib\site-packages\pycaret\internal\metrics.py:190: FitFailedWarning: Metric 'make_scorer(roc_auc_score, needs_proba=True, error_score=0.0, average=weighted, multi_class=ovr)' failed and error score 0.0 has been returned instead. If this is a custom metric, this usually means that the error is in the metric code. Full exception below:
Traceback (most recent call last):
  File "d:\anaconda3\envs\clase_pycaret\lib\site-packages\sklearn\metrics\_scorer.py", line 76, in _cached_call
    return cache[method]
KeyError: 'predict_proba'

During handling of the above exception, another exception occurred:

Traceback (most recent call last):
  File "d:\anaconda3\envs\clase_pycaret\lib\site-packages\pycaret\internal\metrics.py", line 182, in _score
    return super()._score(
  File "d:\anaconda3\envs\clase_pycaret\lib\site-packages\sklearn\metrics\_scorer.py", line 316, in _score
    y_pred = method_caller(clf, "predict_proba", X)
  File "d:\anaconda3\envs\clase_pycaret\lib\site-packages\sklearn\metrics\_scorer.py", line 78, in _cached_call
    result = getattr(estimator, method)(*args, **kwargs)
  File "d:\anaconda3\envs\clase_pycaret\lib\site-packages\pycaret\internal\pipeline.py", line 127, in __getattr__
    return getattr(self._final_estimator, name)
  File "d:\anaconda3\envs\clase_pycaret\lib\site-packages\sklearn\utils\_available_if.py", line 32, in __get__
    if not self.check(obj):
  File "d:\anaconda3\envs\clase_pycaret\lib\site-packages\sklearn\linear_model\_stochastic_gradient.py", line 1235, in _check_proba
    raise AttributeError(
AttributeError: probability estimates are not available for loss='hinge'

  warnings.warn(

2024-01-16 14:27:52,124:WARNING:d:\anaconda3\envs\clase_pycaret\lib\site-packages\pycaret\internal\metrics.py:190: FitFailedWarning: Metric 'make_scorer(roc_auc_score, needs_proba=True, error_score=0.0, average=weighted, multi_class=ovr)' failed and error score 0.0 has been returned instead. If this is a custom metric, this usually means that the error is in the metric code. Full exception below:
Traceback (most recent call last):
  File "d:\anaconda3\envs\clase_pycaret\lib\site-packages\sklearn\metrics\_scorer.py", line 76, in _cached_call
    return cache[method]
KeyError: 'predict_proba'

During handling of the above exception, another exception occurred:

Traceback (most recent call last):
  File "d:\anaconda3\envs\clase_pycaret\lib\site-packages\pycaret\internal\metrics.py", line 182, in _score
    return super()._score(
  File "d:\anaconda3\envs\clase_pycaret\lib\site-packages\sklearn\metrics\_scorer.py", line 316, in _score
    y_pred = method_caller(clf, "predict_proba", X)
  File "d:\anaconda3\envs\clase_pycaret\lib\site-packages\sklearn\metrics\_scorer.py", line 78, in _cached_call
    result = getattr(estimator, method)(*args, **kwargs)
  File "d:\anaconda3\envs\clase_pycaret\lib\site-packages\pycaret\internal\pipeline.py", line 127, in __getattr__
    return getattr(self._final_estimator, name)
  File "d:\anaconda3\envs\clase_pycaret\lib\site-packages\sklearn\utils\_available_if.py", line 32, in __get__
    if not self.check(obj):
  File "d:\anaconda3\envs\clase_pycaret\lib\site-packages\sklearn\linear_model\_stochastic_gradient.py", line 1235, in _check_proba
    raise AttributeError(
AttributeError: probability estimates are not available for loss='hinge'

  warnings.warn(

2024-01-16 14:27:52,126:WARNING:d:\anaconda3\envs\clase_pycaret\lib\site-packages\pycaret\internal\metrics.py:190: FitFailedWarning: Metric 'make_scorer(roc_auc_score, needs_proba=True, error_score=0.0, average=weighted, multi_class=ovr)' failed and error score 0.0 has been returned instead. If this is a custom metric, this usually means that the error is in the metric code. Full exception below:
Traceback (most recent call last):
  File "d:\anaconda3\envs\clase_pycaret\lib\site-packages\sklearn\metrics\_scorer.py", line 76, in _cached_call
    return cache[method]
KeyError: 'predict_proba'

During handling of the above exception, another exception occurred:

Traceback (most recent call last):
  File "d:\anaconda3\envs\clase_pycaret\lib\site-packages\pycaret\internal\metrics.py", line 182, in _score
    return super()._score(
  File "d:\anaconda3\envs\clase_pycaret\lib\site-packages\sklearn\metrics\_scorer.py", line 316, in _score
    y_pred = method_caller(clf, "predict_proba", X)
  File "d:\anaconda3\envs\clase_pycaret\lib\site-packages\sklearn\metrics\_scorer.py", line 78, in _cached_call
    result = getattr(estimator, method)(*args, **kwargs)
  File "d:\anaconda3\envs\clase_pycaret\lib\site-packages\pycaret\internal\pipeline.py", line 127, in __getattr__
    return getattr(self._final_estimator, name)
  File "d:\anaconda3\envs\clase_pycaret\lib\site-packages\sklearn\utils\_available_if.py", line 32, in __get__
    if not self.check(obj):
  File "d:\anaconda3\envs\clase_pycaret\lib\site-packages\sklearn\linear_model\_stochastic_gradient.py", line 1235, in _check_proba
    raise AttributeError(
AttributeError: probability estimates are not available for loss='hinge'

  warnings.warn(

2024-01-16 14:27:52,126:WARNING:d:\anaconda3\envs\clase_pycaret\lib\site-packages\pycaret\internal\metrics.py:190: FitFailedWarning: Metric 'make_scorer(roc_auc_score, needs_proba=True, error_score=0.0, average=weighted, multi_class=ovr)' failed and error score 0.0 has been returned instead. If this is a custom metric, this usually means that the error is in the metric code. Full exception below:
Traceback (most recent call last):
  File "d:\anaconda3\envs\clase_pycaret\lib\site-packages\sklearn\metrics\_scorer.py", line 76, in _cached_call
    return cache[method]
KeyError: 'predict_proba'

During handling of the above exception, another exception occurred:

Traceback (most recent call last):
  File "d:\anaconda3\envs\clase_pycaret\lib\site-packages\pycaret\internal\metrics.py", line 182, in _score
    return super()._score(
  File "d:\anaconda3\envs\clase_pycaret\lib\site-packages\sklearn\metrics\_scorer.py", line 316, in _score
    y_pred = method_caller(clf, "predict_proba", X)
  File "d:\anaconda3\envs\clase_pycaret\lib\site-packages\sklearn\metrics\_scorer.py", line 78, in _cached_call
    result = getattr(estimator, method)(*args, **kwargs)
  File "d:\anaconda3\envs\clase_pycaret\lib\site-packages\pycaret\internal\pipeline.py", line 127, in __getattr__
    return getattr(self._final_estimator, name)
  File "d:\anaconda3\envs\clase_pycaret\lib\site-packages\sklearn\utils\_available_if.py", line 32, in __get__
    if not self.check(obj):
  File "d:\anaconda3\envs\clase_pycaret\lib\site-packages\sklearn\linear_model\_stochastic_gradient.py", line 1235, in _check_proba
    raise AttributeError(
AttributeError: probability estimates are not available for loss='hinge'

  warnings.warn(

2024-01-16 14:27:52,127:WARNING:d:\anaconda3\envs\clase_pycaret\lib\site-packages\pycaret\internal\metrics.py:190: FitFailedWarning: Metric 'make_scorer(roc_auc_score, needs_proba=True, error_score=0.0, average=weighted, multi_class=ovr)' failed and error score 0.0 has been returned instead. If this is a custom metric, this usually means that the error is in the metric code. Full exception below:
Traceback (most recent call last):
  File "d:\anaconda3\envs\clase_pycaret\lib\site-packages\sklearn\metrics\_scorer.py", line 76, in _cached_call
    return cache[method]
KeyError: 'predict_proba'

During handling of the above exception, another exception occurred:

Traceback (most recent call last):
  File "d:\anaconda3\envs\clase_pycaret\lib\site-packages\pycaret\internal\metrics.py", line 182, in _score
    return super()._score(
  File "d:\anaconda3\envs\clase_pycaret\lib\site-packages\sklearn\metrics\_scorer.py", line 316, in _score
    y_pred = method_caller(clf, "predict_proba", X)
  File "d:\anaconda3\envs\clase_pycaret\lib\site-packages\sklearn\metrics\_scorer.py", line 78, in _cached_call
    result = getattr(estimator, method)(*args, **kwargs)
  File "d:\anaconda3\envs\clase_pycaret\lib\site-packages\pycaret\internal\pipeline.py", line 127, in __getattr__
    return getattr(self._final_estimator, name)
  File "d:\anaconda3\envs\clase_pycaret\lib\site-packages\sklearn\utils\_available_if.py", line 32, in __get__
    if not self.check(obj):
  File "d:\anaconda3\envs\clase_pycaret\lib\site-packages\sklearn\linear_model\_stochastic_gradient.py", line 1235, in _check_proba
    raise AttributeError(
AttributeError: probability estimates are not available for loss='hinge'

  warnings.warn(

2024-01-16 14:27:52,132:WARNING:d:\anaconda3\envs\clase_pycaret\lib\site-packages\pycaret\internal\metrics.py:190: FitFailedWarning: Metric 'make_scorer(roc_auc_score, needs_proba=True, error_score=0.0, average=weighted, multi_class=ovr)' failed and error score 0.0 has been returned instead. If this is a custom metric, this usually means that the error is in the metric code. Full exception below:
Traceback (most recent call last):
  File "d:\anaconda3\envs\clase_pycaret\lib\site-packages\sklearn\metrics\_scorer.py", line 76, in _cached_call
    return cache[method]
KeyError: 'predict_proba'

During handling of the above exception, another exception occurred:

Traceback (most recent call last):
  File "d:\anaconda3\envs\clase_pycaret\lib\site-packages\pycaret\internal\metrics.py", line 182, in _score
    return super()._score(
  File "d:\anaconda3\envs\clase_pycaret\lib\site-packages\sklearn\metrics\_scorer.py", line 316, in _score
    y_pred = method_caller(clf, "predict_proba", X)
  File "d:\anaconda3\envs\clase_pycaret\lib\site-packages\sklearn\metrics\_scorer.py", line 78, in _cached_call
    result = getattr(estimator, method)(*args, **kwargs)
  File "d:\anaconda3\envs\clase_pycaret\lib\site-packages\pycaret\internal\pipeline.py", line 127, in __getattr__
    return getattr(self._final_estimator, name)
  File "d:\anaconda3\envs\clase_pycaret\lib\site-packages\sklearn\utils\_available_if.py", line 32, in __get__
    if not self.check(obj):
  File "d:\anaconda3\envs\clase_pycaret\lib\site-packages\sklearn\linear_model\_stochastic_gradient.py", line 1235, in _check_proba
    raise AttributeError(
AttributeError: probability estimates are not available for loss='hinge'

  warnings.warn(

2024-01-16 14:27:52,145:INFO:Calculating mean and std
2024-01-16 14:27:52,145:INFO:Creating metrics dataframe
2024-01-16 14:27:52,147:INFO:Uploading results into container
2024-01-16 14:27:52,148:INFO:Uploading model into container now
2024-01-16 14:27:52,148:INFO:_master_model_container: 5
2024-01-16 14:27:52,148:INFO:_display_container: 2
2024-01-16 14:27:52,148:INFO:SGDClassifier(alpha=0.0001, average=False, class_weight=None,
              early_stopping=False, epsilon=0.1, eta0=0.001, fit_intercept=True,
              l1_ratio=0.15, learning_rate='optimal', loss='hinge',
              max_iter=1000, n_iter_no_change=5, n_jobs=-1, penalty='l2',
              power_t=0.5, random_state=42, shuffle=True, tol=0.001,
              validation_fraction=0.1, verbose=0, warm_start=False)
2024-01-16 14:27:52,149:INFO:create_model() successfully completed......................................
2024-01-16 14:27:52,222:INFO:SubProcess create_model() end ==================================
2024-01-16 14:27:52,222:INFO:Creating metrics dataframe
2024-01-16 14:27:52,229:INFO:Initializing Ridge Classifier
2024-01-16 14:27:52,230:INFO:Total runtime is 0.12899539470672608 minutes
2024-01-16 14:27:52,233:INFO:SubProcess create_model() called ==================================
2024-01-16 14:27:52,233:INFO:Initializing create_model()
2024-01-16 14:27:52,233:INFO:create_model(self=<pycaret.classification.oop.ClassificationExperiment object at 0x00000202791F91C0>, estimator=ridge, fold=StratifiedKFold(n_splits=10, random_state=None, shuffle=False), round=4, cross_validation=True, predict=True, fit_kwargs={}, groups=None, refit=False, probability_threshold=None, experiment_custom_tags=None, verbose=False, system=False, add_to_model_list=True, metrics=None, display=<pycaret.internal.display.display.CommonDisplay object at 0x000002027F312FD0>, model_only=True, return_train_score=False, error_score=0.0, kwargs={})
2024-01-16 14:27:52,233:INFO:Checking exceptions
2024-01-16 14:27:52,233:INFO:Importing libraries
2024-01-16 14:27:52,233:INFO:Copying training dataset
2024-01-16 14:27:52,237:INFO:Defining folds
2024-01-16 14:27:52,237:INFO:Declaring metric variables
2024-01-16 14:27:52,240:INFO:Importing untrained model
2024-01-16 14:27:52,243:INFO:Ridge Classifier Imported successfully
2024-01-16 14:27:52,249:INFO:Starting cross validation
2024-01-16 14:27:52,250:INFO:Cross validating with StratifiedKFold(n_splits=10, random_state=None, shuffle=False), n_jobs=-1
2024-01-16 14:27:52,274:WARNING:d:\anaconda3\envs\clase_pycaret\lib\site-packages\pycaret\internal\metrics.py:190: FitFailedWarning: Metric 'make_scorer(roc_auc_score, needs_proba=True, error_score=0.0, average=weighted, multi_class=ovr)' failed and error score 0.0 has been returned instead. If this is a custom metric, this usually means that the error is in the metric code. Full exception below:
Traceback (most recent call last):
  File "d:\anaconda3\envs\clase_pycaret\lib\site-packages\sklearn\metrics\_scorer.py", line 76, in _cached_call
    return cache[method]
KeyError: 'predict_proba'

During handling of the above exception, another exception occurred:

Traceback (most recent call last):
  File "d:\anaconda3\envs\clase_pycaret\lib\site-packages\pycaret\internal\metrics.py", line 182, in _score
    return super()._score(
  File "d:\anaconda3\envs\clase_pycaret\lib\site-packages\sklearn\metrics\_scorer.py", line 316, in _score
    y_pred = method_caller(clf, "predict_proba", X)
  File "d:\anaconda3\envs\clase_pycaret\lib\site-packages\sklearn\metrics\_scorer.py", line 78, in _cached_call
    result = getattr(estimator, method)(*args, **kwargs)
  File "d:\anaconda3\envs\clase_pycaret\lib\site-packages\pycaret\internal\pipeline.py", line 127, in __getattr__
    return getattr(self._final_estimator, name)
AttributeError: 'RidgeClassifier' object has no attribute 'predict_proba'

  warnings.warn(

2024-01-16 14:27:52,275:WARNING:d:\anaconda3\envs\clase_pycaret\lib\site-packages\pycaret\internal\metrics.py:190: FitFailedWarning: Metric 'make_scorer(roc_auc_score, needs_proba=True, error_score=0.0, average=weighted, multi_class=ovr)' failed and error score 0.0 has been returned instead. If this is a custom metric, this usually means that the error is in the metric code. Full exception below:
Traceback (most recent call last):
  File "d:\anaconda3\envs\clase_pycaret\lib\site-packages\sklearn\metrics\_scorer.py", line 76, in _cached_call
    return cache[method]
KeyError: 'predict_proba'

During handling of the above exception, another exception occurred:

Traceback (most recent call last):
  File "d:\anaconda3\envs\clase_pycaret\lib\site-packages\pycaret\internal\metrics.py", line 182, in _score
    return super()._score(
  File "d:\anaconda3\envs\clase_pycaret\lib\site-packages\sklearn\metrics\_scorer.py", line 316, in _score
    y_pred = method_caller(clf, "predict_proba", X)
  File "d:\anaconda3\envs\clase_pycaret\lib\site-packages\sklearn\metrics\_scorer.py", line 78, in _cached_call
    result = getattr(estimator, method)(*args, **kwargs)
  File "d:\anaconda3\envs\clase_pycaret\lib\site-packages\pycaret\internal\pipeline.py", line 127, in __getattr__
    return getattr(self._final_estimator, name)
AttributeError: 'RidgeClassifier' object has no attribute 'predict_proba'

  warnings.warn(

2024-01-16 14:27:52,276:WARNING:d:\anaconda3\envs\clase_pycaret\lib\site-packages\pycaret\internal\metrics.py:190: FitFailedWarning: Metric 'make_scorer(roc_auc_score, needs_proba=True, error_score=0.0, average=weighted, multi_class=ovr)' failed and error score 0.0 has been returned instead. If this is a custom metric, this usually means that the error is in the metric code. Full exception below:
Traceback (most recent call last):
  File "d:\anaconda3\envs\clase_pycaret\lib\site-packages\sklearn\metrics\_scorer.py", line 76, in _cached_call
    return cache[method]
KeyError: 'predict_proba'

During handling of the above exception, another exception occurred:

Traceback (most recent call last):
  File "d:\anaconda3\envs\clase_pycaret\lib\site-packages\pycaret\internal\metrics.py", line 182, in _score
    return super()._score(
  File "d:\anaconda3\envs\clase_pycaret\lib\site-packages\sklearn\metrics\_scorer.py", line 316, in _score
    y_pred = method_caller(clf, "predict_proba", X)
  File "d:\anaconda3\envs\clase_pycaret\lib\site-packages\sklearn\metrics\_scorer.py", line 78, in _cached_call
    result = getattr(estimator, method)(*args, **kwargs)
  File "d:\anaconda3\envs\clase_pycaret\lib\site-packages\pycaret\internal\pipeline.py", line 127, in __getattr__
    return getattr(self._final_estimator, name)
AttributeError: 'RidgeClassifier' object has no attribute 'predict_proba'

  warnings.warn(

2024-01-16 14:27:52,277:WARNING:d:\anaconda3\envs\clase_pycaret\lib\site-packages\pycaret\internal\metrics.py:190: FitFailedWarning: Metric 'make_scorer(roc_auc_score, needs_proba=True, error_score=0.0, average=weighted, multi_class=ovr)' failed and error score 0.0 has been returned instead. If this is a custom metric, this usually means that the error is in the metric code. Full exception below:
Traceback (most recent call last):
  File "d:\anaconda3\envs\clase_pycaret\lib\site-packages\sklearn\metrics\_scorer.py", line 76, in _cached_call
    return cache[method]
KeyError: 'predict_proba'

During handling of the above exception, another exception occurred:

Traceback (most recent call last):
  File "d:\anaconda3\envs\clase_pycaret\lib\site-packages\pycaret\internal\metrics.py", line 182, in _score
    return super()._score(
  File "d:\anaconda3\envs\clase_pycaret\lib\site-packages\sklearn\metrics\_scorer.py", line 316, in _score
    y_pred = method_caller(clf, "predict_proba", X)
  File "d:\anaconda3\envs\clase_pycaret\lib\site-packages\sklearn\metrics\_scorer.py", line 78, in _cached_call
    result = getattr(estimator, method)(*args, **kwargs)
  File "d:\anaconda3\envs\clase_pycaret\lib\site-packages\pycaret\internal\pipeline.py", line 127, in __getattr__
    return getattr(self._final_estimator, name)
AttributeError: 'RidgeClassifier' object has no attribute 'predict_proba'

  warnings.warn(

2024-01-16 14:27:52,277:WARNING:d:\anaconda3\envs\clase_pycaret\lib\site-packages\pycaret\internal\metrics.py:190: FitFailedWarning: Metric 'make_scorer(roc_auc_score, needs_proba=True, error_score=0.0, average=weighted, multi_class=ovr)' failed and error score 0.0 has been returned instead. If this is a custom metric, this usually means that the error is in the metric code. Full exception below:
Traceback (most recent call last):
  File "d:\anaconda3\envs\clase_pycaret\lib\site-packages\sklearn\metrics\_scorer.py", line 76, in _cached_call
    return cache[method]
KeyError: 'predict_proba'

During handling of the above exception, another exception occurred:

Traceback (most recent call last):
  File "d:\anaconda3\envs\clase_pycaret\lib\site-packages\pycaret\internal\metrics.py", line 182, in _score
    return super()._score(
  File "d:\anaconda3\envs\clase_pycaret\lib\site-packages\sklearn\metrics\_scorer.py", line 316, in _score
    y_pred = method_caller(clf, "predict_proba", X)
  File "d:\anaconda3\envs\clase_pycaret\lib\site-packages\sklearn\metrics\_scorer.py", line 78, in _cached_call
    result = getattr(estimator, method)(*args, **kwargs)
  File "d:\anaconda3\envs\clase_pycaret\lib\site-packages\pycaret\internal\pipeline.py", line 127, in __getattr__
    return getattr(self._final_estimator, name)
AttributeError: 'RidgeClassifier' object has no attribute 'predict_proba'

  warnings.warn(

2024-01-16 14:27:52,278:WARNING:d:\anaconda3\envs\clase_pycaret\lib\site-packages\pycaret\internal\metrics.py:190: FitFailedWarning: Metric 'make_scorer(roc_auc_score, needs_proba=True, error_score=0.0, average=weighted, multi_class=ovr)' failed and error score 0.0 has been returned instead. If this is a custom metric, this usually means that the error is in the metric code. Full exception below:
Traceback (most recent call last):
  File "d:\anaconda3\envs\clase_pycaret\lib\site-packages\sklearn\metrics\_scorer.py", line 76, in _cached_call
    return cache[method]
KeyError: 'predict_proba'

During handling of the above exception, another exception occurred:

Traceback (most recent call last):
  File "d:\anaconda3\envs\clase_pycaret\lib\site-packages\pycaret\internal\metrics.py", line 182, in _score
    return super()._score(
  File "d:\anaconda3\envs\clase_pycaret\lib\site-packages\sklearn\metrics\_scorer.py", line 316, in _score
    y_pred = method_caller(clf, "predict_proba", X)
  File "d:\anaconda3\envs\clase_pycaret\lib\site-packages\sklearn\metrics\_scorer.py", line 78, in _cached_call
    result = getattr(estimator, method)(*args, **kwargs)
  File "d:\anaconda3\envs\clase_pycaret\lib\site-packages\pycaret\internal\pipeline.py", line 127, in __getattr__
    return getattr(self._final_estimator, name)
AttributeError: 'RidgeClassifier' object has no attribute 'predict_proba'

  warnings.warn(

2024-01-16 14:27:52,283:WARNING:d:\anaconda3\envs\clase_pycaret\lib\site-packages\pycaret\internal\metrics.py:190: FitFailedWarning: Metric 'make_scorer(roc_auc_score, needs_proba=True, error_score=0.0, average=weighted, multi_class=ovr)' failed and error score 0.0 has been returned instead. If this is a custom metric, this usually means that the error is in the metric code. Full exception below:
Traceback (most recent call last):
  File "d:\anaconda3\envs\clase_pycaret\lib\site-packages\sklearn\metrics\_scorer.py", line 76, in _cached_call
    return cache[method]
KeyError: 'predict_proba'

During handling of the above exception, another exception occurred:

Traceback (most recent call last):
  File "d:\anaconda3\envs\clase_pycaret\lib\site-packages\pycaret\internal\metrics.py", line 182, in _score
    return super()._score(
  File "d:\anaconda3\envs\clase_pycaret\lib\site-packages\sklearn\metrics\_scorer.py", line 316, in _score
    y_pred = method_caller(clf, "predict_proba", X)
  File "d:\anaconda3\envs\clase_pycaret\lib\site-packages\sklearn\metrics\_scorer.py", line 78, in _cached_call
    result = getattr(estimator, method)(*args, **kwargs)
  File "d:\anaconda3\envs\clase_pycaret\lib\site-packages\pycaret\internal\pipeline.py", line 127, in __getattr__
    return getattr(self._final_estimator, name)
AttributeError: 'RidgeClassifier' object has no attribute 'predict_proba'

  warnings.warn(

2024-01-16 14:27:52,286:WARNING:d:\anaconda3\envs\clase_pycaret\lib\site-packages\pycaret\internal\metrics.py:190: FitFailedWarning: Metric 'make_scorer(roc_auc_score, needs_proba=True, error_score=0.0, average=weighted, multi_class=ovr)' failed and error score 0.0 has been returned instead. If this is a custom metric, this usually means that the error is in the metric code. Full exception below:
Traceback (most recent call last):
  File "d:\anaconda3\envs\clase_pycaret\lib\site-packages\sklearn\metrics\_scorer.py", line 76, in _cached_call
    return cache[method]
KeyError: 'predict_proba'

During handling of the above exception, another exception occurred:

Traceback (most recent call last):
  File "d:\anaconda3\envs\clase_pycaret\lib\site-packages\pycaret\internal\metrics.py", line 182, in _score
    return super()._score(
  File "d:\anaconda3\envs\clase_pycaret\lib\site-packages\sklearn\metrics\_scorer.py", line 316, in _score
    y_pred = method_caller(clf, "predict_proba", X)
  File "d:\anaconda3\envs\clase_pycaret\lib\site-packages\sklearn\metrics\_scorer.py", line 78, in _cached_call
    result = getattr(estimator, method)(*args, **kwargs)
  File "d:\anaconda3\envs\clase_pycaret\lib\site-packages\pycaret\internal\pipeline.py", line 127, in __getattr__
    return getattr(self._final_estimator, name)
AttributeError: 'RidgeClassifier' object has no attribute 'predict_proba'

  warnings.warn(

2024-01-16 14:27:52,286:WARNING:d:\anaconda3\envs\clase_pycaret\lib\site-packages\pycaret\internal\metrics.py:190: FitFailedWarning: Metric 'make_scorer(roc_auc_score, needs_proba=True, error_score=0.0, average=weighted, multi_class=ovr)' failed and error score 0.0 has been returned instead. If this is a custom metric, this usually means that the error is in the metric code. Full exception below:
Traceback (most recent call last):
  File "d:\anaconda3\envs\clase_pycaret\lib\site-packages\sklearn\metrics\_scorer.py", line 76, in _cached_call
    return cache[method]
KeyError: 'predict_proba'

During handling of the above exception, another exception occurred:

Traceback (most recent call last):
  File "d:\anaconda3\envs\clase_pycaret\lib\site-packages\pycaret\internal\metrics.py", line 182, in _score
    return super()._score(
  File "d:\anaconda3\envs\clase_pycaret\lib\site-packages\sklearn\metrics\_scorer.py", line 316, in _score
    y_pred = method_caller(clf, "predict_proba", X)
  File "d:\anaconda3\envs\clase_pycaret\lib\site-packages\sklearn\metrics\_scorer.py", line 78, in _cached_call
    result = getattr(estimator, method)(*args, **kwargs)
  File "d:\anaconda3\envs\clase_pycaret\lib\site-packages\pycaret\internal\pipeline.py", line 127, in __getattr__
    return getattr(self._final_estimator, name)
AttributeError: 'RidgeClassifier' object has no attribute 'predict_proba'

  warnings.warn(

2024-01-16 14:27:52,287:WARNING:d:\anaconda3\envs\clase_pycaret\lib\site-packages\pycaret\internal\metrics.py:190: FitFailedWarning: Metric 'make_scorer(roc_auc_score, needs_proba=True, error_score=0.0, average=weighted, multi_class=ovr)' failed and error score 0.0 has been returned instead. If this is a custom metric, this usually means that the error is in the metric code. Full exception below:
Traceback (most recent call last):
  File "d:\anaconda3\envs\clase_pycaret\lib\site-packages\sklearn\metrics\_scorer.py", line 76, in _cached_call
    return cache[method]
KeyError: 'predict_proba'

During handling of the above exception, another exception occurred:

Traceback (most recent call last):
  File "d:\anaconda3\envs\clase_pycaret\lib\site-packages\pycaret\internal\metrics.py", line 182, in _score
    return super()._score(
  File "d:\anaconda3\envs\clase_pycaret\lib\site-packages\sklearn\metrics\_scorer.py", line 316, in _score
    y_pred = method_caller(clf, "predict_proba", X)
  File "d:\anaconda3\envs\clase_pycaret\lib\site-packages\sklearn\metrics\_scorer.py", line 78, in _cached_call
    result = getattr(estimator, method)(*args, **kwargs)
  File "d:\anaconda3\envs\clase_pycaret\lib\site-packages\pycaret\internal\pipeline.py", line 127, in __getattr__
    return getattr(self._final_estimator, name)
AttributeError: 'RidgeClassifier' object has no attribute 'predict_proba'

  warnings.warn(

2024-01-16 14:27:52,300:INFO:Calculating mean and std
2024-01-16 14:27:52,300:INFO:Creating metrics dataframe
2024-01-16 14:27:52,302:INFO:Uploading results into container
2024-01-16 14:27:52,303:INFO:Uploading model into container now
2024-01-16 14:27:52,303:INFO:_master_model_container: 6
2024-01-16 14:27:52,303:INFO:_display_container: 2
2024-01-16 14:27:52,303:INFO:RidgeClassifier(alpha=1.0, class_weight=None, copy_X=True, fit_intercept=True,
                max_iter=None, positive=False, random_state=42, solver='auto',
                tol=0.0001)
2024-01-16 14:27:52,303:INFO:create_model() successfully completed......................................
2024-01-16 14:27:52,377:INFO:SubProcess create_model() end ==================================
2024-01-16 14:27:52,377:INFO:Creating metrics dataframe
2024-01-16 14:27:52,385:INFO:Initializing Random Forest Classifier
2024-01-16 14:27:52,385:INFO:Total runtime is 0.1315956711769104 minutes
2024-01-16 14:27:52,387:INFO:SubProcess create_model() called ==================================
2024-01-16 14:27:52,387:INFO:Initializing create_model()
2024-01-16 14:27:52,387:INFO:create_model(self=<pycaret.classification.oop.ClassificationExperiment object at 0x00000202791F91C0>, estimator=rf, fold=StratifiedKFold(n_splits=10, random_state=None, shuffle=False), round=4, cross_validation=True, predict=True, fit_kwargs={}, groups=None, refit=False, probability_threshold=None, experiment_custom_tags=None, verbose=False, system=False, add_to_model_list=True, metrics=None, display=<pycaret.internal.display.display.CommonDisplay object at 0x000002027F312FD0>, model_only=True, return_train_score=False, error_score=0.0, kwargs={})
2024-01-16 14:27:52,387:INFO:Checking exceptions
2024-01-16 14:27:52,387:INFO:Importing libraries
2024-01-16 14:27:52,387:INFO:Copying training dataset
2024-01-16 14:27:52,390:INFO:Defining folds
2024-01-16 14:27:52,390:INFO:Declaring metric variables
2024-01-16 14:27:52,393:INFO:Importing untrained model
2024-01-16 14:27:52,397:INFO:Random Forest Classifier Imported successfully
2024-01-16 14:27:52,402:INFO:Starting cross validation
2024-01-16 14:27:52,403:INFO:Cross validating with StratifiedKFold(n_splits=10, random_state=None, shuffle=False), n_jobs=-1
2024-01-16 14:27:52,691:INFO:Calculating mean and std
2024-01-16 14:27:52,691:INFO:Creating metrics dataframe
2024-01-16 14:27:52,694:INFO:Uploading results into container
2024-01-16 14:27:52,695:INFO:Uploading model into container now
2024-01-16 14:27:52,695:INFO:_master_model_container: 7
2024-01-16 14:27:52,695:INFO:_display_container: 2
2024-01-16 14:27:52,695:INFO:RandomForestClassifier(bootstrap=True, ccp_alpha=0.0, class_weight=None,
                       criterion='gini', max_depth=None, max_features='sqrt',
                       max_leaf_nodes=None, max_samples=None,
                       min_impurity_decrease=0.0, min_samples_leaf=1,
                       min_samples_split=2, min_weight_fraction_leaf=0.0,
                       n_estimators=100, n_jobs=-1, oob_score=False,
                       random_state=42, verbose=0, warm_start=False)
2024-01-16 14:27:52,695:INFO:create_model() successfully completed......................................
2024-01-16 14:27:52,773:INFO:SubProcess create_model() end ==================================
2024-01-16 14:27:52,773:INFO:Creating metrics dataframe
2024-01-16 14:27:52,783:INFO:Initializing Quadratic Discriminant Analysis
2024-01-16 14:27:52,783:INFO:Total runtime is 0.13823380470275878 minutes
2024-01-16 14:27:52,786:INFO:SubProcess create_model() called ==================================
2024-01-16 14:27:52,786:INFO:Initializing create_model()
2024-01-16 14:27:52,786:INFO:create_model(self=<pycaret.classification.oop.ClassificationExperiment object at 0x00000202791F91C0>, estimator=qda, fold=StratifiedKFold(n_splits=10, random_state=None, shuffle=False), round=4, cross_validation=True, predict=True, fit_kwargs={}, groups=None, refit=False, probability_threshold=None, experiment_custom_tags=None, verbose=False, system=False, add_to_model_list=True, metrics=None, display=<pycaret.internal.display.display.CommonDisplay object at 0x000002027F312FD0>, model_only=True, return_train_score=False, error_score=0.0, kwargs={})
2024-01-16 14:27:52,786:INFO:Checking exceptions
2024-01-16 14:27:52,786:INFO:Importing libraries
2024-01-16 14:27:52,787:INFO:Copying training dataset
2024-01-16 14:27:52,789:INFO:Defining folds
2024-01-16 14:27:52,789:INFO:Declaring metric variables
2024-01-16 14:27:52,791:INFO:Importing untrained model
2024-01-16 14:27:52,794:INFO:Quadratic Discriminant Analysis Imported successfully
2024-01-16 14:27:52,803:INFO:Starting cross validation
2024-01-16 14:27:52,804:INFO:Cross validating with StratifiedKFold(n_splits=10, random_state=None, shuffle=False), n_jobs=-1
2024-01-16 14:27:52,880:INFO:Calculating mean and std
2024-01-16 14:27:52,880:INFO:Creating metrics dataframe
2024-01-16 14:27:52,884:INFO:Uploading results into container
2024-01-16 14:27:52,884:INFO:Uploading model into container now
2024-01-16 14:27:52,885:INFO:_master_model_container: 8
2024-01-16 14:27:52,885:INFO:_display_container: 2
2024-01-16 14:27:52,885:INFO:QuadraticDiscriminantAnalysis(priors=None, reg_param=0.0,
                              store_covariance=False, tol=0.0001)
2024-01-16 14:27:52,885:INFO:create_model() successfully completed......................................
2024-01-16 14:27:52,963:INFO:SubProcess create_model() end ==================================
2024-01-16 14:27:52,963:INFO:Creating metrics dataframe
2024-01-16 14:27:52,970:INFO:Initializing Ada Boost Classifier
2024-01-16 14:27:52,970:INFO:Total runtime is 0.14135769208272297 minutes
2024-01-16 14:27:52,973:INFO:SubProcess create_model() called ==================================
2024-01-16 14:27:52,973:INFO:Initializing create_model()
2024-01-16 14:27:52,973:INFO:create_model(self=<pycaret.classification.oop.ClassificationExperiment object at 0x00000202791F91C0>, estimator=ada, fold=StratifiedKFold(n_splits=10, random_state=None, shuffle=False), round=4, cross_validation=True, predict=True, fit_kwargs={}, groups=None, refit=False, probability_threshold=None, experiment_custom_tags=None, verbose=False, system=False, add_to_model_list=True, metrics=None, display=<pycaret.internal.display.display.CommonDisplay object at 0x000002027F312FD0>, model_only=True, return_train_score=False, error_score=0.0, kwargs={})
2024-01-16 14:27:52,973:INFO:Checking exceptions
2024-01-16 14:27:52,973:INFO:Importing libraries
2024-01-16 14:27:52,973:INFO:Copying training dataset
2024-01-16 14:27:52,976:INFO:Defining folds
2024-01-16 14:27:52,976:INFO:Declaring metric variables
2024-01-16 14:27:52,980:INFO:Importing untrained model
2024-01-16 14:27:52,983:INFO:Ada Boost Classifier Imported successfully
2024-01-16 14:27:52,987:INFO:Starting cross validation
2024-01-16 14:27:52,988:INFO:Cross validating with StratifiedKFold(n_splits=10, random_state=None, shuffle=False), n_jobs=-1
2024-01-16 14:27:53,143:INFO:Calculating mean and std
2024-01-16 14:27:53,144:INFO:Creating metrics dataframe
2024-01-16 14:27:53,147:INFO:Uploading results into container
2024-01-16 14:27:53,147:INFO:Uploading model into container now
2024-01-16 14:27:53,148:INFO:_master_model_container: 9
2024-01-16 14:27:53,148:INFO:_display_container: 2
2024-01-16 14:27:53,148:INFO:AdaBoostClassifier(algorithm='SAMME.R', base_estimator='deprecated',
                   estimator=None, learning_rate=1.0, n_estimators=50,
                   random_state=42)
2024-01-16 14:27:53,148:INFO:create_model() successfully completed......................................
2024-01-16 14:27:53,224:INFO:SubProcess create_model() end ==================================
2024-01-16 14:27:53,224:INFO:Creating metrics dataframe
2024-01-16 14:27:53,232:INFO:Initializing Gradient Boosting Classifier
2024-01-16 14:27:53,232:INFO:Total runtime is 0.14572327931722004 minutes
2024-01-16 14:27:53,234:INFO:SubProcess create_model() called ==================================
2024-01-16 14:27:53,234:INFO:Initializing create_model()
2024-01-16 14:27:53,234:INFO:create_model(self=<pycaret.classification.oop.ClassificationExperiment object at 0x00000202791F91C0>, estimator=gbc, fold=StratifiedKFold(n_splits=10, random_state=None, shuffle=False), round=4, cross_validation=True, predict=True, fit_kwargs={}, groups=None, refit=False, probability_threshold=None, experiment_custom_tags=None, verbose=False, system=False, add_to_model_list=True, metrics=None, display=<pycaret.internal.display.display.CommonDisplay object at 0x000002027F312FD0>, model_only=True, return_train_score=False, error_score=0.0, kwargs={})
2024-01-16 14:27:53,234:INFO:Checking exceptions
2024-01-16 14:27:53,235:INFO:Importing libraries
2024-01-16 14:27:53,235:INFO:Copying training dataset
2024-01-16 14:27:53,237:INFO:Defining folds
2024-01-16 14:27:53,237:INFO:Declaring metric variables
2024-01-16 14:27:53,239:INFO:Importing untrained model
2024-01-16 14:27:53,242:INFO:Gradient Boosting Classifier Imported successfully
2024-01-16 14:27:53,247:INFO:Starting cross validation
2024-01-16 14:27:53,249:INFO:Cross validating with StratifiedKFold(n_splits=10, random_state=None, shuffle=False), n_jobs=-1
2024-01-16 14:27:53,464:INFO:Calculating mean and std
2024-01-16 14:27:53,465:INFO:Creating metrics dataframe
2024-01-16 14:27:53,467:INFO:Uploading results into container
2024-01-16 14:27:53,467:INFO:Uploading model into container now
2024-01-16 14:27:53,469:INFO:_master_model_container: 10
2024-01-16 14:27:53,469:INFO:_display_container: 2
2024-01-16 14:27:53,469:INFO:GradientBoostingClassifier(ccp_alpha=0.0, criterion='friedman_mse', init=None,
                           learning_rate=0.1, loss='log_loss', max_depth=3,
                           max_features=None, max_leaf_nodes=None,
                           min_impurity_decrease=0.0, min_samples_leaf=1,
                           min_samples_split=2, min_weight_fraction_leaf=0.0,
                           n_estimators=100, n_iter_no_change=None,
                           random_state=42, subsample=1.0, tol=0.0001,
                           validation_fraction=0.1, verbose=0,
                           warm_start=False)
2024-01-16 14:27:53,469:INFO:create_model() successfully completed......................................
2024-01-16 14:27:53,545:INFO:SubProcess create_model() end ==================================
2024-01-16 14:27:53,545:INFO:Creating metrics dataframe
2024-01-16 14:27:53,552:INFO:Initializing Linear Discriminant Analysis
2024-01-16 14:27:53,552:INFO:Total runtime is 0.15105835596720377 minutes
2024-01-16 14:27:53,555:INFO:SubProcess create_model() called ==================================
2024-01-16 14:27:53,555:INFO:Initializing create_model()
2024-01-16 14:27:53,555:INFO:create_model(self=<pycaret.classification.oop.ClassificationExperiment object at 0x00000202791F91C0>, estimator=lda, fold=StratifiedKFold(n_splits=10, random_state=None, shuffle=False), round=4, cross_validation=True, predict=True, fit_kwargs={}, groups=None, refit=False, probability_threshold=None, experiment_custom_tags=None, verbose=False, system=False, add_to_model_list=True, metrics=None, display=<pycaret.internal.display.display.CommonDisplay object at 0x000002027F312FD0>, model_only=True, return_train_score=False, error_score=0.0, kwargs={})
2024-01-16 14:27:53,555:INFO:Checking exceptions
2024-01-16 14:27:53,555:INFO:Importing libraries
2024-01-16 14:27:53,555:INFO:Copying training dataset
2024-01-16 14:27:53,557:INFO:Defining folds
2024-01-16 14:27:53,557:INFO:Declaring metric variables
2024-01-16 14:27:53,560:INFO:Importing untrained model
2024-01-16 14:27:53,563:INFO:Linear Discriminant Analysis Imported successfully
2024-01-16 14:27:53,570:INFO:Starting cross validation
2024-01-16 14:27:53,571:INFO:Cross validating with StratifiedKFold(n_splits=10, random_state=None, shuffle=False), n_jobs=-1
2024-01-16 14:27:53,637:INFO:Calculating mean and std
2024-01-16 14:27:53,638:INFO:Creating metrics dataframe
2024-01-16 14:27:53,640:INFO:Uploading results into container
2024-01-16 14:27:53,640:INFO:Uploading model into container now
2024-01-16 14:27:53,640:INFO:_master_model_container: 11
2024-01-16 14:27:53,641:INFO:_display_container: 2
2024-01-16 14:27:53,641:INFO:LinearDiscriminantAnalysis(covariance_estimator=None, n_components=None,
                           priors=None, shrinkage=None, solver='svd',
                           store_covariance=False, tol=0.0001)
2024-01-16 14:27:53,641:INFO:create_model() successfully completed......................................
2024-01-16 14:27:53,717:INFO:SubProcess create_model() end ==================================
2024-01-16 14:27:53,719:INFO:Creating metrics dataframe
2024-01-16 14:27:53,726:INFO:Initializing Extra Trees Classifier
2024-01-16 14:27:53,726:INFO:Total runtime is 0.1539475878079732 minutes
2024-01-16 14:27:53,729:INFO:SubProcess create_model() called ==================================
2024-01-16 14:27:53,729:INFO:Initializing create_model()
2024-01-16 14:27:53,729:INFO:create_model(self=<pycaret.classification.oop.ClassificationExperiment object at 0x00000202791F91C0>, estimator=et, fold=StratifiedKFold(n_splits=10, random_state=None, shuffle=False), round=4, cross_validation=True, predict=True, fit_kwargs={}, groups=None, refit=False, probability_threshold=None, experiment_custom_tags=None, verbose=False, system=False, add_to_model_list=True, metrics=None, display=<pycaret.internal.display.display.CommonDisplay object at 0x000002027F312FD0>, model_only=True, return_train_score=False, error_score=0.0, kwargs={})
2024-01-16 14:27:53,729:INFO:Checking exceptions
2024-01-16 14:27:53,729:INFO:Importing libraries
2024-01-16 14:27:53,729:INFO:Copying training dataset
2024-01-16 14:27:53,732:INFO:Defining folds
2024-01-16 14:27:53,732:INFO:Declaring metric variables
2024-01-16 14:27:53,734:INFO:Importing untrained model
2024-01-16 14:27:53,737:INFO:Extra Trees Classifier Imported successfully
2024-01-16 14:27:53,743:INFO:Starting cross validation
2024-01-16 14:27:53,744:INFO:Cross validating with StratifiedKFold(n_splits=10, random_state=None, shuffle=False), n_jobs=-1
2024-01-16 14:27:53,997:INFO:Calculating mean and std
2024-01-16 14:27:53,997:INFO:Creating metrics dataframe
2024-01-16 14:27:54,000:INFO:Uploading results into container
2024-01-16 14:27:54,000:INFO:Uploading model into container now
2024-01-16 14:27:54,001:INFO:_master_model_container: 12
2024-01-16 14:27:54,001:INFO:_display_container: 2
2024-01-16 14:27:54,001:INFO:ExtraTreesClassifier(bootstrap=False, ccp_alpha=0.0, class_weight=None,
                     criterion='gini', max_depth=None, max_features='sqrt',
                     max_leaf_nodes=None, max_samples=None,
                     min_impurity_decrease=0.0, min_samples_leaf=1,
                     min_samples_split=2, min_weight_fraction_leaf=0.0,
                     n_estimators=100, n_jobs=-1, oob_score=False,
                     random_state=42, verbose=0, warm_start=False)
2024-01-16 14:27:54,001:INFO:create_model() successfully completed......................................
2024-01-16 14:27:54,073:INFO:SubProcess create_model() end ==================================
2024-01-16 14:27:54,073:INFO:Creating metrics dataframe
2024-01-16 14:27:54,082:INFO:Initializing Extreme Gradient Boosting
2024-01-16 14:27:54,082:INFO:Total runtime is 0.15988409121831257 minutes
2024-01-16 14:27:54,084:INFO:SubProcess create_model() called ==================================
2024-01-16 14:27:54,085:INFO:Initializing create_model()
2024-01-16 14:27:54,085:INFO:create_model(self=<pycaret.classification.oop.ClassificationExperiment object at 0x00000202791F91C0>, estimator=xgboost, fold=StratifiedKFold(n_splits=10, random_state=None, shuffle=False), round=4, cross_validation=True, predict=True, fit_kwargs={}, groups=None, refit=False, probability_threshold=None, experiment_custom_tags=None, verbose=False, system=False, add_to_model_list=True, metrics=None, display=<pycaret.internal.display.display.CommonDisplay object at 0x000002027F312FD0>, model_only=True, return_train_score=False, error_score=0.0, kwargs={})
2024-01-16 14:27:54,085:INFO:Checking exceptions
2024-01-16 14:27:54,085:INFO:Importing libraries
2024-01-16 14:27:54,085:INFO:Copying training dataset
2024-01-16 14:27:54,088:INFO:Defining folds
2024-01-16 14:27:54,088:INFO:Declaring metric variables
2024-01-16 14:27:54,090:INFO:Importing untrained model
2024-01-16 14:27:54,093:INFO:Extreme Gradient Boosting Imported successfully
2024-01-16 14:27:54,098:INFO:Starting cross validation
2024-01-16 14:27:54,100:INFO:Cross validating with StratifiedKFold(n_splits=10, random_state=None, shuffle=False), n_jobs=-1
2024-01-16 14:27:54,310:INFO:Calculating mean and std
2024-01-16 14:27:54,311:INFO:Creating metrics dataframe
2024-01-16 14:27:54,314:INFO:Uploading results into container
2024-01-16 14:27:54,315:INFO:Uploading model into container now
2024-01-16 14:27:54,315:INFO:_master_model_container: 13
2024-01-16 14:27:54,316:INFO:_display_container: 2
2024-01-16 14:27:54,316:INFO:XGBClassifier(base_score=None, booster='gbtree', callbacks=None,
              colsample_bylevel=None, colsample_bynode=None,
              colsample_bytree=None, device='cpu', early_stopping_rounds=None,
              enable_categorical=False, eval_metric=None, feature_types=None,
              gamma=None, grow_policy=None, importance_type=None,
              interaction_constraints=None, learning_rate=None, max_bin=None,
              max_cat_threshold=None, max_cat_to_onehot=None,
              max_delta_step=None, max_depth=None, max_leaves=None,
              min_child_weight=None, missing=nan, monotone_constraints=None,
              multi_strategy=None, n_estimators=None, n_jobs=-1,
              num_parallel_tree=None, objective='binary:logistic', ...)
2024-01-16 14:27:54,316:INFO:create_model() successfully completed......................................
2024-01-16 14:27:54,390:INFO:SubProcess create_model() end ==================================
2024-01-16 14:27:54,391:INFO:Creating metrics dataframe
2024-01-16 14:27:54,402:INFO:Initializing Light Gradient Boosting Machine
2024-01-16 14:27:54,402:INFO:Total runtime is 0.165212078889211 minutes
2024-01-16 14:27:54,405:INFO:SubProcess create_model() called ==================================
2024-01-16 14:27:54,405:INFO:Initializing create_model()
2024-01-16 14:27:54,405:INFO:create_model(self=<pycaret.classification.oop.ClassificationExperiment object at 0x00000202791F91C0>, estimator=lightgbm, fold=StratifiedKFold(n_splits=10, random_state=None, shuffle=False), round=4, cross_validation=True, predict=True, fit_kwargs={}, groups=None, refit=False, probability_threshold=None, experiment_custom_tags=None, verbose=False, system=False, add_to_model_list=True, metrics=None, display=<pycaret.internal.display.display.CommonDisplay object at 0x000002027F312FD0>, model_only=True, return_train_score=False, error_score=0.0, kwargs={})
2024-01-16 14:27:54,405:INFO:Checking exceptions
2024-01-16 14:27:54,405:INFO:Importing libraries
2024-01-16 14:27:54,405:INFO:Copying training dataset
2024-01-16 14:27:54,407:INFO:Defining folds
2024-01-16 14:27:54,407:INFO:Declaring metric variables
2024-01-16 14:27:54,409:INFO:Importing untrained model
2024-01-16 14:27:54,412:INFO:Light Gradient Boosting Machine Imported successfully
2024-01-16 14:27:54,419:INFO:Starting cross validation
2024-01-16 14:27:54,420:INFO:Cross validating with StratifiedKFold(n_splits=10, random_state=None, shuffle=False), n_jobs=-1
2024-01-16 14:27:54,857:INFO:Calculating mean and std
2024-01-16 14:27:54,857:INFO:Creating metrics dataframe
2024-01-16 14:27:54,861:INFO:Uploading results into container
2024-01-16 14:27:54,862:INFO:Uploading model into container now
2024-01-16 14:27:54,863:INFO:_master_model_container: 14
2024-01-16 14:27:54,863:INFO:_display_container: 2
2024-01-16 14:27:54,863:INFO:LGBMClassifier(boosting_type='gbdt', class_weight=None, colsample_bytree=1.0,
               importance_type='split', learning_rate=0.1, max_depth=-1,
               min_child_samples=20, min_child_weight=0.001, min_split_gain=0.0,
               n_estimators=100, n_jobs=-1, num_leaves=31, objective=None,
               random_state=42, reg_alpha=0.0, reg_lambda=0.0, subsample=1.0,
               subsample_for_bin=200000, subsample_freq=0)
2024-01-16 14:27:54,864:INFO:create_model() successfully completed......................................
2024-01-16 14:27:54,956:INFO:SubProcess create_model() end ==================================
2024-01-16 14:27:54,956:INFO:Creating metrics dataframe
2024-01-16 14:27:54,964:INFO:Initializing CatBoost Classifier
2024-01-16 14:27:54,964:INFO:Total runtime is 0.17458632389704384 minutes
2024-01-16 14:27:54,967:INFO:SubProcess create_model() called ==================================
2024-01-16 14:27:54,967:INFO:Initializing create_model()
2024-01-16 14:27:54,967:INFO:create_model(self=<pycaret.classification.oop.ClassificationExperiment object at 0x00000202791F91C0>, estimator=catboost, fold=StratifiedKFold(n_splits=10, random_state=None, shuffle=False), round=4, cross_validation=True, predict=True, fit_kwargs={}, groups=None, refit=False, probability_threshold=None, experiment_custom_tags=None, verbose=False, system=False, add_to_model_list=True, metrics=None, display=<pycaret.internal.display.display.CommonDisplay object at 0x000002027F312FD0>, model_only=True, return_train_score=False, error_score=0.0, kwargs={})
2024-01-16 14:27:54,967:INFO:Checking exceptions
2024-01-16 14:27:54,967:INFO:Importing libraries
2024-01-16 14:27:54,967:INFO:Copying training dataset
2024-01-16 14:27:54,970:INFO:Defining folds
2024-01-16 14:27:54,970:INFO:Declaring metric variables
2024-01-16 14:27:54,972:INFO:Importing untrained model
2024-01-16 14:27:54,974:INFO:CatBoost Classifier Imported successfully
2024-01-16 14:27:54,979:INFO:Starting cross validation
2024-01-16 14:27:54,979:INFO:Cross validating with StratifiedKFold(n_splits=10, random_state=None, shuffle=False), n_jobs=-1
2024-01-16 14:27:59,422:INFO:Calculating mean and std
2024-01-16 14:27:59,422:INFO:Creating metrics dataframe
2024-01-16 14:27:59,427:INFO:Uploading results into container
2024-01-16 14:27:59,427:INFO:Uploading model into container now
2024-01-16 14:27:59,428:INFO:_master_model_container: 15
2024-01-16 14:27:59,428:INFO:_display_container: 2
2024-01-16 14:27:59,428:INFO:<catboost.core.CatBoostClassifier object at 0x000002027F837910>
2024-01-16 14:27:59,428:INFO:create_model() successfully completed......................................
2024-01-16 14:27:59,514:INFO:SubProcess create_model() end ==================================
2024-01-16 14:27:59,514:INFO:Creating metrics dataframe
2024-01-16 14:27:59,522:INFO:Initializing Dummy Classifier
2024-01-16 14:27:59,523:INFO:Total runtime is 0.2505759874979655 minutes
2024-01-16 14:27:59,525:INFO:SubProcess create_model() called ==================================
2024-01-16 14:27:59,526:INFO:Initializing create_model()
2024-01-16 14:27:59,526:INFO:create_model(self=<pycaret.classification.oop.ClassificationExperiment object at 0x00000202791F91C0>, estimator=dummy, fold=StratifiedKFold(n_splits=10, random_state=None, shuffle=False), round=4, cross_validation=True, predict=True, fit_kwargs={}, groups=None, refit=False, probability_threshold=None, experiment_custom_tags=None, verbose=False, system=False, add_to_model_list=True, metrics=None, display=<pycaret.internal.display.display.CommonDisplay object at 0x000002027F312FD0>, model_only=True, return_train_score=False, error_score=0.0, kwargs={})
2024-01-16 14:27:59,526:INFO:Checking exceptions
2024-01-16 14:27:59,526:INFO:Importing libraries
2024-01-16 14:27:59,526:INFO:Copying training dataset
2024-01-16 14:27:59,529:INFO:Defining folds
2024-01-16 14:27:59,529:INFO:Declaring metric variables
2024-01-16 14:27:59,533:INFO:Importing untrained model
2024-01-16 14:27:59,536:INFO:Dummy Classifier Imported successfully
2024-01-16 14:27:59,544:INFO:Starting cross validation
2024-01-16 14:27:59,546:INFO:Cross validating with StratifiedKFold(n_splits=10, random_state=None, shuffle=False), n_jobs=-1
2024-01-16 14:27:59,575:WARNING:d:\anaconda3\envs\clase_pycaret\lib\site-packages\sklearn\metrics\_classification.py:1344: UndefinedMetricWarning: Precision is ill-defined and being set to 0.0 due to no predicted samples. Use `zero_division` parameter to control this behavior.
  _warn_prf(average, modifier, msg_start, len(result))

2024-01-16 14:27:59,578:WARNING:d:\anaconda3\envs\clase_pycaret\lib\site-packages\sklearn\metrics\_classification.py:1344: UndefinedMetricWarning: Precision is ill-defined and being set to 0.0 due to no predicted samples. Use `zero_division` parameter to control this behavior.
  _warn_prf(average, modifier, msg_start, len(result))

2024-01-16 14:27:59,580:WARNING:d:\anaconda3\envs\clase_pycaret\lib\site-packages\sklearn\metrics\_classification.py:1344: UndefinedMetricWarning: Precision is ill-defined and being set to 0.0 due to no predicted samples. Use `zero_division` parameter to control this behavior.
  _warn_prf(average, modifier, msg_start, len(result))

2024-01-16 14:27:59,581:WARNING:d:\anaconda3\envs\clase_pycaret\lib\site-packages\sklearn\metrics\_classification.py:1344: UndefinedMetricWarning: Precision is ill-defined and being set to 0.0 due to no predicted samples. Use `zero_division` parameter to control this behavior.
  _warn_prf(average, modifier, msg_start, len(result))

2024-01-16 14:27:59,585:WARNING:d:\anaconda3\envs\clase_pycaret\lib\site-packages\sklearn\metrics\_classification.py:1344: UndefinedMetricWarning: Precision is ill-defined and being set to 0.0 due to no predicted samples. Use `zero_division` parameter to control this behavior.
  _warn_prf(average, modifier, msg_start, len(result))

2024-01-16 14:27:59,585:WARNING:d:\anaconda3\envs\clase_pycaret\lib\site-packages\sklearn\metrics\_classification.py:1344: UndefinedMetricWarning: Precision is ill-defined and being set to 0.0 due to no predicted samples. Use `zero_division` parameter to control this behavior.
  _warn_prf(average, modifier, msg_start, len(result))

2024-01-16 14:27:59,588:WARNING:d:\anaconda3\envs\clase_pycaret\lib\site-packages\sklearn\metrics\_classification.py:1344: UndefinedMetricWarning: Precision is ill-defined and being set to 0.0 due to no predicted samples. Use `zero_division` parameter to control this behavior.
  _warn_prf(average, modifier, msg_start, len(result))

2024-01-16 14:27:59,589:WARNING:d:\anaconda3\envs\clase_pycaret\lib\site-packages\sklearn\metrics\_classification.py:1344: UndefinedMetricWarning: Precision is ill-defined and being set to 0.0 due to no predicted samples. Use `zero_division` parameter to control this behavior.
  _warn_prf(average, modifier, msg_start, len(result))

2024-01-16 14:27:59,590:WARNING:d:\anaconda3\envs\clase_pycaret\lib\site-packages\sklearn\metrics\_classification.py:1344: UndefinedMetricWarning: Precision is ill-defined and being set to 0.0 due to no predicted samples. Use `zero_division` parameter to control this behavior.
  _warn_prf(average, modifier, msg_start, len(result))

2024-01-16 14:27:59,607:INFO:Calculating mean and std
2024-01-16 14:27:59,607:INFO:Creating metrics dataframe
2024-01-16 14:27:59,610:INFO:Uploading results into container
2024-01-16 14:27:59,611:INFO:Uploading model into container now
2024-01-16 14:27:59,611:INFO:_master_model_container: 16
2024-01-16 14:27:59,611:INFO:_display_container: 2
2024-01-16 14:27:59,612:INFO:DummyClassifier(constant=None, random_state=42, strategy='prior')
2024-01-16 14:27:59,612:INFO:create_model() successfully completed......................................
2024-01-16 14:27:59,690:INFO:SubProcess create_model() end ==================================
2024-01-16 14:27:59,690:INFO:Creating metrics dataframe
2024-01-16 14:27:59,705:INFO:Initializing create_model()
2024-01-16 14:27:59,705:INFO:create_model(self=<pycaret.classification.oop.ClassificationExperiment object at 0x00000202791F91C0>, estimator=LogisticRegression(C=1.0, class_weight=None, dual=False, fit_intercept=True,
                   intercept_scaling=1, l1_ratio=None, max_iter=1000,
                   multi_class='auto', n_jobs=None, penalty='l2',
                   random_state=42, solver='lbfgs', tol=0.0001, verbose=0,
                   warm_start=False), fold=StratifiedKFold(n_splits=10, random_state=None, shuffle=False), round=4, cross_validation=False, predict=False, fit_kwargs={}, groups=None, refit=True, probability_threshold=None, experiment_custom_tags=None, verbose=False, system=False, add_to_model_list=True, metrics=None, display=None, model_only=True, return_train_score=False, error_score=0.0, kwargs={})
2024-01-16 14:27:59,705:INFO:Checking exceptions
2024-01-16 14:27:59,707:INFO:Importing libraries
2024-01-16 14:27:59,707:INFO:Copying training dataset
2024-01-16 14:27:59,709:INFO:Defining folds
2024-01-16 14:27:59,709:INFO:Declaring metric variables
2024-01-16 14:27:59,709:INFO:Importing untrained model
2024-01-16 14:27:59,709:INFO:Declaring custom model
2024-01-16 14:27:59,709:INFO:Logistic Regression Imported successfully
2024-01-16 14:27:59,709:INFO:Cross validation set to False
2024-01-16 14:27:59,709:INFO:Fitting Model
2024-01-16 14:27:59,724:INFO:LogisticRegression(C=1.0, class_weight=None, dual=False, fit_intercept=True,
                   intercept_scaling=1, l1_ratio=None, max_iter=1000,
                   multi_class='auto', n_jobs=None, penalty='l2',
                   random_state=42, solver='lbfgs', tol=0.0001, verbose=0,
                   warm_start=False)
2024-01-16 14:27:59,725:INFO:create_model() successfully completed......................................
2024-01-16 14:27:59,823:INFO:_master_model_container: 16
2024-01-16 14:27:59,823:INFO:_display_container: 2
2024-01-16 14:27:59,824:INFO:LogisticRegression(C=1.0, class_weight=None, dual=False, fit_intercept=True,
                   intercept_scaling=1, l1_ratio=None, max_iter=1000,
                   multi_class='auto', n_jobs=None, penalty='l2',
                   random_state=42, solver='lbfgs', tol=0.0001, verbose=0,
                   warm_start=False)
2024-01-16 14:27:59,824:INFO:compare_models() successfully completed......................................
2024-01-16 14:29:22,649:INFO:Initializing evaluate_model()
2024-01-16 14:29:22,649:INFO:evaluate_model(self=<pycaret.classification.oop.ClassificationExperiment object at 0x00000202791F91C0>, estimator=LogisticRegression(C=1.0, class_weight=None, dual=False, fit_intercept=True,
                   intercept_scaling=1, l1_ratio=None, max_iter=1000,
                   multi_class='auto', n_jobs=None, penalty='l2',
                   random_state=42, solver='lbfgs', tol=0.0001, verbose=0,
                   warm_start=False), fold=None, fit_kwargs=None, plot_kwargs=None, feature_name=None, groups=None)
2024-01-16 14:29:22,660:INFO:Initializing plot_model()
2024-01-16 14:29:22,660:INFO:plot_model(plot=pipeline, fold=StratifiedKFold(n_splits=10, random_state=None, shuffle=False), verbose=False, display=None, display_format=None, estimator=LogisticRegression(C=1.0, class_weight=None, dual=False, fit_intercept=True,
                   intercept_scaling=1, l1_ratio=None, max_iter=1000,
                   multi_class='auto', n_jobs=None, penalty='l2',
                   random_state=42, solver='lbfgs', tol=0.0001, verbose=0,
                   warm_start=False), feature_name=None, fit_kwargs={}, groups=None, label=False, plot_kwargs=None, save=False, scale=1, self=<pycaret.classification.oop.ClassificationExperiment object at 0x00000202791F91C0>, system=True)
2024-01-16 14:29:22,660:INFO:Checking exceptions
2024-01-16 14:29:22,662:INFO:Preloading libraries
2024-01-16 14:29:22,662:INFO:Copying training dataset
2024-01-16 14:29:22,662:INFO:Plot type: pipeline
2024-01-16 14:29:23,004:INFO:Visual Rendered Successfully
2024-01-16 14:29:23,096:INFO:plot_model() successfully completed......................................
2024-01-16 14:30:05,528:INFO:Initializing plot_model()
2024-01-16 14:30:05,529:INFO:plot_model(plot=auc, fold=None, verbose=True, display=None, display_format=None, estimator=LogisticRegression(C=1.0, class_weight=None, dual=False, fit_intercept=True,
                   intercept_scaling=1, l1_ratio=None, max_iter=1000,
                   multi_class='auto', n_jobs=None, penalty='l2',
                   random_state=42, solver='lbfgs', tol=0.0001, verbose=0,
                   warm_start=False), feature_name=None, fit_kwargs=None, groups=None, label=False, plot_kwargs=None, save=False, scale=1, self=<pycaret.classification.oop.ClassificationExperiment object at 0x00000202791F91C0>, system=True)
2024-01-16 14:30:05,529:INFO:Checking exceptions
2024-01-16 14:30:05,532:INFO:Preloading libraries
2024-01-16 14:30:05,532:INFO:Copying training dataset
2024-01-16 14:30:05,532:INFO:Plot type: auc
2024-01-16 14:30:05,576:INFO:Fitting Model
2024-01-16 14:30:05,576:WARNING:d:\anaconda3\envs\clase_pycaret\lib\site-packages\sklearn\base.py:439: UserWarning: X does not have valid feature names, but LogisticRegression was fitted with feature names
  warnings.warn(

2024-01-16 14:30:05,577:INFO:Scoring test/hold-out set
2024-01-16 14:30:05,694:INFO:Visual Rendered Successfully
2024-01-16 14:30:05,769:INFO:plot_model() successfully completed......................................
2024-01-16 14:30:06,850:INFO:Initializing plot_model()
2024-01-16 14:30:06,851:INFO:plot_model(plot=confusion_matrix, fold=None, verbose=True, display=None, display_format=None, estimator=LogisticRegression(C=1.0, class_weight=None, dual=False, fit_intercept=True,
                   intercept_scaling=1, l1_ratio=None, max_iter=1000,
                   multi_class='auto', n_jobs=None, penalty='l2',
                   random_state=42, solver='lbfgs', tol=0.0001, verbose=0,
                   warm_start=False), feature_name=None, fit_kwargs=None, groups=None, label=False, plot_kwargs=None, save=False, scale=1, self=<pycaret.classification.oop.ClassificationExperiment object at 0x00000202791F91C0>, system=True)
2024-01-16 14:30:06,851:INFO:Checking exceptions
2024-01-16 14:30:06,855:INFO:Preloading libraries
2024-01-16 14:30:06,855:INFO:Copying training dataset
2024-01-16 14:30:06,855:INFO:Plot type: confusion_matrix
2024-01-16 14:30:06,919:INFO:Fitting Model
2024-01-16 14:30:06,919:WARNING:d:\anaconda3\envs\clase_pycaret\lib\site-packages\sklearn\base.py:439: UserWarning: X does not have valid feature names, but LogisticRegression was fitted with feature names
  warnings.warn(

2024-01-16 14:30:06,920:INFO:Scoring test/hold-out set
2024-01-16 14:30:07,001:INFO:Visual Rendered Successfully
2024-01-16 14:30:07,084:INFO:plot_model() successfully completed......................................
2024-01-16 14:32:43,984:INFO:Initializing predict_model()
2024-01-16 14:32:43,985:INFO:predict_model(self=<pycaret.classification.oop.ClassificationExperiment object at 0x00000202791F91C0>, estimator=LogisticRegression(C=1.0, class_weight=None, dual=False, fit_intercept=True,
                   intercept_scaling=1, l1_ratio=None, max_iter=1000,
                   multi_class='auto', n_jobs=None, penalty='l2',
                   random_state=42, solver='lbfgs', tol=0.0001, verbose=0,
                   warm_start=False), probability_threshold=None, encoded_labels=False, raw_score=False, round=4, verbose=True, ml_usecase=None, preprocess=True, encode_labels=<function _SupervisedExperiment.predict_model.<locals>.encode_labels at 0x000002027F0F19D0>)
2024-01-16 14:32:43,985:INFO:Checking exceptions
2024-01-16 14:32:43,985:INFO:Preloading libraries
2024-01-16 14:33:56,521:INFO:Initializing predict_model()
2024-01-16 14:33:56,521:INFO:predict_model(self=<pycaret.classification.oop.ClassificationExperiment object at 0x00000202791F91C0>, estimator=LogisticRegression(C=1.0, class_weight=None, dual=False, fit_intercept=True,
                   intercept_scaling=1, l1_ratio=None, max_iter=1000,
                   multi_class='auto', n_jobs=None, penalty='l2',
                   random_state=42, solver='lbfgs', tol=0.0001, verbose=0,
                   warm_start=False), probability_threshold=None, encoded_labels=False, raw_score=False, round=4, verbose=True, ml_usecase=None, preprocess=True, encode_labels=<function _SupervisedExperiment.predict_model.<locals>.encode_labels at 0x000002027DBCE040>)
2024-01-16 14:33:56,521:INFO:Checking exceptions
2024-01-16 14:33:56,521:INFO:Preloading libraries
2024-01-16 14:33:56,523:INFO:Set up data.
2024-01-16 14:33:56,530:INFO:Set up index.
2024-01-16 14:34:23,580:INFO:Initializing predict_model()
2024-01-16 14:34:23,581:INFO:predict_model(self=<pycaret.classification.oop.ClassificationExperiment object at 0x00000202791F91C0>, estimator=LogisticRegression(C=1.0, class_weight=None, dual=False, fit_intercept=True,
                   intercept_scaling=1, l1_ratio=None, max_iter=1000,
                   multi_class='auto', n_jobs=None, penalty='l2',
                   random_state=42, solver='lbfgs', tol=0.0001, verbose=0,
                   warm_start=False), probability_threshold=None, encoded_labels=False, raw_score=True, round=4, verbose=True, ml_usecase=None, preprocess=True, encode_labels=<function _SupervisedExperiment.predict_model.<locals>.encode_labels at 0x000002027F6B7AF0>)
2024-01-16 14:34:23,581:INFO:Checking exceptions
2024-01-16 14:34:23,581:INFO:Preloading libraries
2024-01-16 14:34:23,582:INFO:Set up data.
2024-01-16 14:34:23,586:INFO:Set up index.
2024-01-16 14:35:51,967:INFO:Initializing save_model()
2024-01-16 14:35:51,967:INFO:save_model(model=LogisticRegression(C=1.0, class_weight=None, dual=False, fit_intercept=True,
                   intercept_scaling=1, l1_ratio=None, max_iter=1000,
                   multi_class='auto', n_jobs=None, penalty='l2',
                   random_state=42, solver='lbfgs', tol=0.0001, verbose=0,
                   warm_start=False), model_name=my_first_model, prep_pipe_=Pipeline(memory=FastMemory(location=C:\Users\alexg\AppData\Local\Temp\joblib),
         steps=[('numerical_imputer',
                 TransformerWrapper(exclude=None,
                                    include=['Number of times pregnant',
                                             'Plasma glucose concentration a 2 '
                                             'hours in an oral glucose '
                                             'tolerance test',
                                             'Diastolic blood pressure (mm Hg)',
                                             'Triceps skin fold thickness (mm)',
                                             '2-Hour serum insulin (mu U/ml)',
                                             'Body mass index (weigh...
                 TransformerWrapper(exclude=None, include=[],
                                    transformer=SimpleImputer(add_indicator=False,
                                                              copy=True,
                                                              fill_value=None,
                                                              keep_empty_features=False,
                                                              missing_values=nan,
                                                              strategy='most_frequent',
                                                              verbose='deprecated'))),
                ('clean_column_names',
                 TransformerWrapper(exclude=None, include=None,
                                    transformer=CleanColumnNames(match='[\\]\\[\\,\\{\\}\\"\\:]+')))],
         verbose=False), verbose=True, use_case=MLUsecase.CLASSIFICATION, kwargs={})
2024-01-16 14:35:51,967:INFO:Adding model into prep_pipe
2024-01-16 14:35:51,969:INFO:my_first_model.pkl saved in current working directory
2024-01-16 14:35:51,974:INFO:Pipeline(memory=Memory(location=None),
         steps=[('numerical_imputer',
                 TransformerWrapper(exclude=None,
                                    include=['Number of times pregnant',
                                             'Plasma glucose concentration a 2 '
                                             'hours in an oral glucose '
                                             'tolerance test',
                                             'Diastolic blood pressure (mm Hg)',
                                             'Triceps skin fold thickness (mm)',
                                             '2-Hour serum insulin (mu U/ml)',
                                             'Body mass index (weight in '
                                             'kg/(height in m)^2)',
                                             'Diabetes pedigre...
                 TransformerWrapper(exclude=None, include=None,
                                    transformer=CleanColumnNames(match='[\\]\\[\\,\\{\\}\\"\\:]+'))),
                ('trained_model',
                 LogisticRegression(C=1.0, class_weight=None, dual=False,
                                    fit_intercept=True, intercept_scaling=1,
                                    l1_ratio=None, max_iter=1000,
                                    multi_class='auto', n_jobs=None,
                                    penalty='l2', random_state=42,
                                    solver='lbfgs', tol=0.0001, verbose=0,
                                    warm_start=False))],
         verbose=False)
2024-01-16 14:35:51,974:INFO:save_model() successfully completed......................................
2024-01-16 14:36:44,924:INFO:Initializing load_model()
2024-01-16 14:36:44,924:INFO:load_model(model_name=my_best_pipeline, platform=None, authentication=None, verbose=True)
2024-01-16 14:36:52,622:INFO:Initializing load_model()
2024-01-16 14:36:52,622:INFO:load_model(model_name=my_first_model, platform=None, authentication=None, verbose=True)
2024-01-16 14:37:10,006:INFO:Initializing predict_model()
2024-01-16 14:37:10,006:INFO:predict_model(self=<pycaret.classification.oop.ClassificationExperiment object at 0x00000202791F91C0>, estimator=Pipeline(memory=FastMemory(location=C:\Users\alexg\AppData\Local\Temp\joblib),
         steps=[('numerical_imputer',
                 TransformerWrapper(exclude=None,
                                    include=['Number of times pregnant',
                                             'Plasma glucose concentration a 2 '
                                             'hours in an oral glucose '
                                             'tolerance test',
                                             'Diastolic blood pressure (mm Hg)',
                                             'Triceps skin fold thickness (mm)',
                                             '2-Hour serum insulin (mu U/ml)',
                                             'Body mass index (weigh...
                 TransformerWrapper(exclude=None, include=None,
                                    transformer=CleanColumnNames(match='[\\]\\[\\,\\{\\}\\"\\:]+'))),
                ('trained_model',
                 LogisticRegression(C=1.0, class_weight=None, dual=False,
                                    fit_intercept=True, intercept_scaling=1,
                                    l1_ratio=None, max_iter=1000,
                                    multi_class='auto', n_jobs=None,
                                    penalty='l2', random_state=42,
                                    solver='lbfgs', tol=0.0001, verbose=0,
                                    warm_start=False))],
         verbose=False), probability_threshold=None, encoded_labels=False, raw_score=False, round=4, verbose=True, ml_usecase=None, preprocess=True, encode_labels=<function _SupervisedExperiment.predict_model.<locals>.encode_labels at 0x000002027F6B73A0>)
2024-01-16 14:37:10,006:INFO:Checking exceptions
2024-01-16 14:37:10,006:INFO:Preloading libraries
2024-01-16 14:37:10,008:INFO:Set up data.
2024-01-16 14:37:10,012:INFO:Set up index.
2024-01-16 14:41:13,513:INFO:PyCaret ClassificationExperiment
2024-01-16 14:41:13,513:INFO:Logging name: clf-default-name
2024-01-16 14:41:13,513:INFO:ML Usecase: MLUsecase.CLASSIFICATION
2024-01-16 14:41:13,513:INFO:version 3.2.0
2024-01-16 14:41:13,513:INFO:Initializing setup()
2024-01-16 14:41:13,513:INFO:self.USI: 6ef9
2024-01-16 14:41:13,513:INFO:self._variable_keys: {'idx', 'is_multiclass', 'logging_param', '_available_plots', 'exp_name_log', 'fold_generator', 'target_param', 'USI', 'y_test', 'y_train', 'gpu_param', 'gpu_n_jobs_param', 'seed', 'log_plots_param', 'exp_id', 'X_train', 'data', 'fold_shuffle_param', 'html_param', 'y', 'n_jobs_param', 'pipeline', 'fold_groups_param', 'X', 'X_test', '_ml_usecase', 'memory', 'fix_imbalance'}
2024-01-16 14:41:13,513:INFO:Checking environment
2024-01-16 14:41:13,513:INFO:python_version: 3.9.18
2024-01-16 14:41:13,514:INFO:python_build: ('main', 'Sep 11 2023 14:09:26')
2024-01-16 14:41:13,514:INFO:machine: AMD64
2024-01-16 14:41:13,514:INFO:platform: Windows-10-10.0.22621-SP0
2024-01-16 14:41:13,518:INFO:Memory: svmem(total=16908730368, available=6443028480, percent=61.9, used=10465701888, free=6443028480)
2024-01-16 14:41:13,518:INFO:Physical Core: 6
2024-01-16 14:41:13,518:INFO:Logical Core: 12
2024-01-16 14:41:13,518:INFO:Checking libraries
2024-01-16 14:41:13,518:INFO:System:
2024-01-16 14:41:13,518:INFO:    python: 3.9.18 (main, Sep 11 2023, 14:09:26) [MSC v.1916 64 bit (AMD64)]
2024-01-16 14:41:13,518:INFO:executable: d:\anaconda3\envs\clase_pycaret\python.exe
2024-01-16 14:41:13,518:INFO:   machine: Windows-10-10.0.22621-SP0
2024-01-16 14:41:13,518:INFO:PyCaret required dependencies:
2024-01-16 14:41:13,518:INFO:                 pip: 23.3.1
2024-01-16 14:41:13,518:INFO:          setuptools: 68.2.2
2024-01-16 14:41:13,518:INFO:             pycaret: 3.2.0
2024-01-16 14:41:13,518:INFO:             IPython: 8.18.1
2024-01-16 14:41:13,518:INFO:          ipywidgets: 8.1.1
2024-01-16 14:41:13,518:INFO:                tqdm: 4.66.1
2024-01-16 14:41:13,518:INFO:               numpy: 1.25.2
2024-01-16 14:41:13,519:INFO:              pandas: 1.5.3
2024-01-16 14:41:13,519:INFO:              jinja2: 3.1.3
2024-01-16 14:41:13,519:INFO:               scipy: 1.10.1
2024-01-16 14:41:13,519:INFO:              joblib: 1.3.2
2024-01-16 14:41:13,519:INFO:             sklearn: 1.2.2
2024-01-16 14:41:13,519:INFO:                pyod: 1.1.2
2024-01-16 14:41:13,519:INFO:            imblearn: 0.11.0
2024-01-16 14:41:13,519:INFO:   category_encoders: 2.6.3
2024-01-16 14:41:13,519:INFO:            lightgbm: 4.2.0
2024-01-16 14:41:13,519:INFO:               numba: 0.58.1
2024-01-16 14:41:13,519:INFO:            requests: 2.31.0
2024-01-16 14:41:13,519:INFO:          matplotlib: 3.6.0
2024-01-16 14:41:13,519:INFO:          scikitplot: 0.3.7
2024-01-16 14:41:13,519:INFO:         yellowbrick: 1.5
2024-01-16 14:41:13,519:INFO:              plotly: 5.18.0
2024-01-16 14:41:13,519:INFO:    plotly-resampler: Not installed
2024-01-16 14:41:13,519:INFO:             kaleido: 0.2.1
2024-01-16 14:41:13,519:INFO:           schemdraw: 0.15
2024-01-16 14:41:13,519:INFO:         statsmodels: 0.14.1
2024-01-16 14:41:13,519:INFO:              sktime: 0.21.1
2024-01-16 14:41:13,519:INFO:               tbats: 1.1.3
2024-01-16 14:41:13,519:INFO:            pmdarima: 2.0.4
2024-01-16 14:41:13,519:INFO:              psutil: 5.9.7
2024-01-16 14:41:13,519:INFO:          markupsafe: 2.1.3
2024-01-16 14:41:13,519:INFO:             pickle5: Not installed
2024-01-16 14:41:13,519:INFO:         cloudpickle: 2.2.1
2024-01-16 14:41:13,519:INFO:         deprecation: 2.1.0
2024-01-16 14:41:13,519:INFO:              xxhash: 3.4.1
2024-01-16 14:41:13,519:INFO:           wurlitzer: Not installed
2024-01-16 14:41:13,519:INFO:PyCaret optional dependencies:
2024-01-16 14:41:13,519:INFO:                shap: 0.44.0
2024-01-16 14:41:13,519:INFO:           interpret: 0.5.0
2024-01-16 14:41:13,519:INFO:                umap: 0.5.5
2024-01-16 14:41:13,519:INFO:     ydata_profiling: 4.6.0
2024-01-16 14:41:13,519:INFO:  explainerdashboard: 0.4.5
2024-01-16 14:41:13,519:INFO:             autoviz: Not installed
2024-01-16 14:41:13,519:INFO:           fairlearn: 0.7.0
2024-01-16 14:41:13,519:INFO:          deepchecks: Not installed
2024-01-16 14:41:13,519:INFO:             xgboost: 2.0.3
2024-01-16 14:41:13,519:INFO:            catboost: 1.2.2
2024-01-16 14:41:13,519:INFO:              kmodes: 0.12.2
2024-01-16 14:41:13,519:INFO:             mlxtend: 0.23.1
2024-01-16 14:41:13,519:INFO:       statsforecast: 1.5.0
2024-01-16 14:41:13,519:INFO:        tune_sklearn: 0.5.0
2024-01-16 14:41:13,519:INFO:                 ray: 2.9.0
2024-01-16 14:41:13,519:INFO:            hyperopt: 0.2.7
2024-01-16 14:41:13,519:INFO:              optuna: 3.5.0
2024-01-16 14:41:13,519:INFO:               skopt: 0.9.0
2024-01-16 14:41:13,519:INFO:              mlflow: 1.30.1
2024-01-16 14:41:13,519:INFO:              gradio: 3.50.2
2024-01-16 14:41:13,519:INFO:             fastapi: 0.109.0
2024-01-16 14:41:13,519:INFO:             uvicorn: 0.26.0
2024-01-16 14:41:13,519:INFO:              m2cgen: 0.10.0
2024-01-16 14:41:13,519:INFO:           evidently: 0.2.8
2024-01-16 14:41:13,520:INFO:               fugue: 0.8.6
2024-01-16 14:41:13,520:INFO:           streamlit: Not installed
2024-01-16 14:41:13,520:INFO:             prophet: Not installed
2024-01-16 14:41:13,520:INFO:None
2024-01-16 14:41:13,520:INFO:Set up data.
2024-01-16 14:41:13,523:INFO:Set up folding strategy.
2024-01-16 14:41:13,523:INFO:Set up train/test split.
2024-01-16 14:41:13,525:INFO:Set up index.
2024-01-16 14:41:13,525:INFO:Assigning column types.
2024-01-16 14:41:13,527:INFO:Engine successfully changes for model 'lr' to 'sklearn'.
2024-01-16 14:41:13,553:INFO:Engine for model 'knn' has not been set explicitly, hence returning None.
2024-01-16 14:41:13,554:INFO:Engine for model 'rbfsvm' has not been set explicitly, hence returning None.
2024-01-16 14:41:13,570:INFO:Soft dependency imported: xgboost: 2.0.3
2024-01-16 14:41:13,572:INFO:Soft dependency imported: catboost: 1.2.2
2024-01-16 14:41:13,598:INFO:Engine for model 'knn' has not been set explicitly, hence returning None.
2024-01-16 14:41:13,598:INFO:Engine for model 'rbfsvm' has not been set explicitly, hence returning None.
2024-01-16 14:41:13,614:INFO:Soft dependency imported: xgboost: 2.0.3
2024-01-16 14:41:13,616:INFO:Soft dependency imported: catboost: 1.2.2
2024-01-16 14:41:13,617:INFO:Engine successfully changes for model 'knn' to 'sklearn'.
2024-01-16 14:41:13,643:INFO:Engine for model 'rbfsvm' has not been set explicitly, hence returning None.
2024-01-16 14:41:13,660:INFO:Soft dependency imported: xgboost: 2.0.3
2024-01-16 14:41:13,662:INFO:Soft dependency imported: catboost: 1.2.2
2024-01-16 14:41:13,689:INFO:Engine for model 'rbfsvm' has not been set explicitly, hence returning None.
2024-01-16 14:41:13,705:INFO:Soft dependency imported: xgboost: 2.0.3
2024-01-16 14:41:13,707:INFO:Soft dependency imported: catboost: 1.2.2
2024-01-16 14:41:13,707:INFO:Engine successfully changes for model 'rbfsvm' to 'sklearn'.
2024-01-16 14:41:13,749:INFO:Soft dependency imported: xgboost: 2.0.3
2024-01-16 14:41:13,751:INFO:Soft dependency imported: catboost: 1.2.2
2024-01-16 14:41:13,794:INFO:Soft dependency imported: xgboost: 2.0.3
2024-01-16 14:41:13,795:INFO:Soft dependency imported: catboost: 1.2.2
2024-01-16 14:41:13,796:INFO:Preparing preprocessing pipeline...
2024-01-16 14:41:13,797:INFO:Set up simple imputation.
2024-01-16 14:41:13,798:INFO:Set up column name cleaning.
2024-01-16 14:41:13,808:INFO:Finished creating preprocessing pipeline.
2024-01-16 14:41:13,810:INFO:Pipeline: Pipeline(memory=FastMemory(location=C:\Users\alexg\AppData\Local\Temp\joblib),
         steps=[('numerical_imputer',
                 TransformerWrapper(exclude=None,
                                    include=['Number of times pregnant',
                                             'Plasma glucose concentration a 2 '
                                             'hours in an oral glucose '
                                             'tolerance test',
                                             'Diastolic blood pressure (mm Hg)',
                                             'Triceps skin fold thickness (mm)',
                                             '2-Hour serum insulin (mu U/ml)',
                                             'Body mass index (weigh...
                 TransformerWrapper(exclude=None, include=[],
                                    transformer=SimpleImputer(add_indicator=False,
                                                              copy=True,
                                                              fill_value=None,
                                                              keep_empty_features=False,
                                                              missing_values=nan,
                                                              strategy='most_frequent',
                                                              verbose='deprecated'))),
                ('clean_column_names',
                 TransformerWrapper(exclude=None, include=None,
                                    transformer=CleanColumnNames(match='[\\]\\[\\,\\{\\}\\"\\:]+')))],
         verbose=False)
2024-01-16 14:41:13,810:INFO:Creating final display dataframe.
2024-01-16 14:41:13,850:INFO:Setup _display_container:                     Description             Value
0                    Session id                42
1                        Target    Class variable
2                   Target type            Binary
3           Original data shape          (768, 9)
4        Transformed data shape          (768, 9)
5   Transformed train set shape          (537, 9)
6    Transformed test set shape          (231, 9)
7              Numeric features                 8
8                    Preprocess              True
9               Imputation type            simple
10           Numeric imputation              mean
11       Categorical imputation              mode
12               Fold Generator   StratifiedKFold
13                  Fold Number                10
14                     CPU Jobs                -1
15                      Use GPU             False
16               Log Experiment             False
17              Experiment Name  clf-default-name
18                          USI              6ef9
2024-01-16 14:41:13,900:INFO:Soft dependency imported: xgboost: 2.0.3
2024-01-16 14:41:13,902:INFO:Soft dependency imported: catboost: 1.2.2
2024-01-16 14:41:13,945:INFO:Soft dependency imported: xgboost: 2.0.3
2024-01-16 14:41:13,946:INFO:Soft dependency imported: catboost: 1.2.2
2024-01-16 14:41:13,947:INFO:setup() successfully completed in 0.44s...............
2024-01-16 14:59:15,461:INFO:PyCaret ClassificationExperiment
2024-01-16 14:59:15,461:INFO:Logging name: clf-default-name
2024-01-16 14:59:15,461:INFO:ML Usecase: MLUsecase.CLASSIFICATION
2024-01-16 14:59:15,461:INFO:version 3.2.0
2024-01-16 14:59:15,463:INFO:Initializing setup()
2024-01-16 14:59:15,463:INFO:self.USI: acf8
2024-01-16 14:59:15,463:INFO:self._variable_keys: {'idx', 'is_multiclass', 'logging_param', '_available_plots', 'exp_name_log', 'fold_generator', 'target_param', 'USI', 'y_test', 'y_train', 'gpu_param', 'gpu_n_jobs_param', 'seed', 'log_plots_param', 'exp_id', 'X_train', 'data', 'fold_shuffle_param', 'html_param', 'y', 'n_jobs_param', 'pipeline', 'fold_groups_param', 'X', 'X_test', '_ml_usecase', 'memory', 'fix_imbalance'}
2024-01-16 14:59:15,463:INFO:Checking environment
2024-01-16 14:59:15,463:INFO:python_version: 3.9.18
2024-01-16 14:59:15,463:INFO:python_build: ('main', 'Sep 11 2023 14:09:26')
2024-01-16 14:59:15,463:INFO:machine: AMD64
2024-01-16 14:59:15,463:INFO:platform: Windows-10-10.0.22621-SP0
2024-01-16 14:59:15,467:INFO:Memory: svmem(total=16908730368, available=6974251008, percent=58.8, used=9934479360, free=6974251008)
2024-01-16 14:59:15,467:INFO:Physical Core: 6
2024-01-16 14:59:15,467:INFO:Logical Core: 12
2024-01-16 14:59:15,467:INFO:Checking libraries
2024-01-16 14:59:15,467:INFO:System:
2024-01-16 14:59:15,467:INFO:    python: 3.9.18 (main, Sep 11 2023, 14:09:26) [MSC v.1916 64 bit (AMD64)]
2024-01-16 14:59:15,467:INFO:executable: d:\anaconda3\envs\clase_pycaret\python.exe
2024-01-16 14:59:15,467:INFO:   machine: Windows-10-10.0.22621-SP0
2024-01-16 14:59:15,467:INFO:PyCaret required dependencies:
2024-01-16 14:59:15,467:INFO:                 pip: 23.3.1
2024-01-16 14:59:15,467:INFO:          setuptools: 68.2.2
2024-01-16 14:59:15,467:INFO:             pycaret: 3.2.0
2024-01-16 14:59:15,467:INFO:             IPython: 8.18.1
2024-01-16 14:59:15,467:INFO:          ipywidgets: 8.1.1
2024-01-16 14:59:15,467:INFO:                tqdm: 4.66.1
2024-01-16 14:59:15,467:INFO:               numpy: 1.25.2
2024-01-16 14:59:15,467:INFO:              pandas: 1.5.3
2024-01-16 14:59:15,467:INFO:              jinja2: 3.1.3
2024-01-16 14:59:15,467:INFO:               scipy: 1.10.1
2024-01-16 14:59:15,467:INFO:              joblib: 1.3.2
2024-01-16 14:59:15,467:INFO:             sklearn: 1.2.2
2024-01-16 14:59:15,467:INFO:                pyod: 1.1.2
2024-01-16 14:59:15,467:INFO:            imblearn: 0.11.0
2024-01-16 14:59:15,467:INFO:   category_encoders: 2.6.3
2024-01-16 14:59:15,467:INFO:            lightgbm: 4.2.0
2024-01-16 14:59:15,467:INFO:               numba: 0.58.1
2024-01-16 14:59:15,467:INFO:            requests: 2.31.0
2024-01-16 14:59:15,467:INFO:          matplotlib: 3.6.0
2024-01-16 14:59:15,467:INFO:          scikitplot: 0.3.7
2024-01-16 14:59:15,467:INFO:         yellowbrick: 1.5
2024-01-16 14:59:15,467:INFO:              plotly: 5.18.0
2024-01-16 14:59:15,467:INFO:    plotly-resampler: Not installed
2024-01-16 14:59:15,467:INFO:             kaleido: 0.2.1
2024-01-16 14:59:15,467:INFO:           schemdraw: 0.15
2024-01-16 14:59:15,467:INFO:         statsmodels: 0.14.1
2024-01-16 14:59:15,467:INFO:              sktime: 0.21.1
2024-01-16 14:59:15,468:INFO:               tbats: 1.1.3
2024-01-16 14:59:15,468:INFO:            pmdarima: 2.0.4
2024-01-16 14:59:15,468:INFO:              psutil: 5.9.7
2024-01-16 14:59:15,468:INFO:          markupsafe: 2.1.3
2024-01-16 14:59:15,468:INFO:             pickle5: Not installed
2024-01-16 14:59:15,468:INFO:         cloudpickle: 2.2.1
2024-01-16 14:59:15,468:INFO:         deprecation: 2.1.0
2024-01-16 14:59:15,468:INFO:              xxhash: 3.4.1
2024-01-16 14:59:15,468:INFO:           wurlitzer: Not installed
2024-01-16 14:59:15,468:INFO:PyCaret optional dependencies:
2024-01-16 14:59:15,468:INFO:                shap: 0.44.0
2024-01-16 14:59:15,468:INFO:           interpret: 0.5.0
2024-01-16 14:59:15,468:INFO:                umap: 0.5.5
2024-01-16 14:59:15,468:INFO:     ydata_profiling: 4.6.0
2024-01-16 14:59:15,468:INFO:  explainerdashboard: 0.4.5
2024-01-16 14:59:15,468:INFO:             autoviz: Not installed
2024-01-16 14:59:15,468:INFO:           fairlearn: 0.7.0
2024-01-16 14:59:15,468:INFO:          deepchecks: Not installed
2024-01-16 14:59:15,468:INFO:             xgboost: 2.0.3
2024-01-16 14:59:15,468:INFO:            catboost: 1.2.2
2024-01-16 14:59:15,468:INFO:              kmodes: 0.12.2
2024-01-16 14:59:15,468:INFO:             mlxtend: 0.23.1
2024-01-16 14:59:15,468:INFO:       statsforecast: 1.5.0
2024-01-16 14:59:15,468:INFO:        tune_sklearn: 0.5.0
2024-01-16 14:59:15,468:INFO:                 ray: 2.9.0
2024-01-16 14:59:15,468:INFO:            hyperopt: 0.2.7
2024-01-16 14:59:15,468:INFO:              optuna: 3.5.0
2024-01-16 14:59:15,468:INFO:               skopt: 0.9.0
2024-01-16 14:59:15,468:INFO:              mlflow: 1.30.1
2024-01-16 14:59:15,468:INFO:              gradio: 3.50.2
2024-01-16 14:59:15,468:INFO:             fastapi: 0.109.0
2024-01-16 14:59:15,468:INFO:             uvicorn: 0.26.0
2024-01-16 14:59:15,468:INFO:              m2cgen: 0.10.0
2024-01-16 14:59:15,468:INFO:           evidently: 0.2.8
2024-01-16 14:59:15,468:INFO:               fugue: 0.8.6
2024-01-16 14:59:15,468:INFO:           streamlit: Not installed
2024-01-16 14:59:15,468:INFO:             prophet: Not installed
2024-01-16 14:59:15,468:INFO:None
2024-01-16 14:59:15,468:INFO:Set up data.
2024-01-16 14:59:15,473:INFO:Set up folding strategy.
2024-01-16 14:59:15,473:INFO:Set up train/test split.
2024-01-16 14:59:15,476:INFO:Set up index.
2024-01-16 14:59:15,476:INFO:Assigning column types.
2024-01-16 14:59:15,478:INFO:Engine successfully changes for model 'lr' to 'sklearn'.
2024-01-16 14:59:15,507:INFO:Engine for model 'knn' has not been set explicitly, hence returning None.
2024-01-16 14:59:15,507:INFO:Engine for model 'rbfsvm' has not been set explicitly, hence returning None.
2024-01-16 14:59:15,527:INFO:Soft dependency imported: xgboost: 2.0.3
2024-01-16 14:59:15,530:INFO:Soft dependency imported: catboost: 1.2.2
2024-01-16 14:59:15,561:INFO:Engine for model 'knn' has not been set explicitly, hence returning None.
2024-01-16 14:59:15,562:INFO:Engine for model 'rbfsvm' has not been set explicitly, hence returning None.
2024-01-16 14:59:15,586:INFO:Soft dependency imported: xgboost: 2.0.3
2024-01-16 14:59:15,587:INFO:Soft dependency imported: catboost: 1.2.2
2024-01-16 14:59:15,588:INFO:Engine successfully changes for model 'knn' to 'sklearn'.
2024-01-16 14:59:15,615:INFO:Engine for model 'rbfsvm' has not been set explicitly, hence returning None.
2024-01-16 14:59:15,632:INFO:Soft dependency imported: xgboost: 2.0.3
2024-01-16 14:59:15,633:INFO:Soft dependency imported: catboost: 1.2.2
2024-01-16 14:59:15,660:INFO:Engine for model 'rbfsvm' has not been set explicitly, hence returning None.
2024-01-16 14:59:15,677:INFO:Soft dependency imported: xgboost: 2.0.3
2024-01-16 14:59:15,678:INFO:Soft dependency imported: catboost: 1.2.2
2024-01-16 14:59:15,679:INFO:Engine successfully changes for model 'rbfsvm' to 'sklearn'.
2024-01-16 14:59:15,724:INFO:Soft dependency imported: xgboost: 2.0.3
2024-01-16 14:59:15,725:INFO:Soft dependency imported: catboost: 1.2.2
2024-01-16 14:59:15,771:INFO:Soft dependency imported: xgboost: 2.0.3
2024-01-16 14:59:15,773:INFO:Soft dependency imported: catboost: 1.2.2
2024-01-16 14:59:15,774:INFO:Preparing preprocessing pipeline...
2024-01-16 14:59:15,774:INFO:Set up simple imputation.
2024-01-16 14:59:15,775:INFO:Set up column name cleaning.
2024-01-16 14:59:15,786:INFO:Finished creating preprocessing pipeline.
2024-01-16 14:59:15,788:INFO:Pipeline: Pipeline(memory=FastMemory(location=C:\Users\alexg\AppData\Local\Temp\joblib),
         steps=[('numerical_imputer',
                 TransformerWrapper(exclude=None,
                                    include=['AGE', 'SEX', 'STEROID',
                                             'ANTIVIRALS', 'FATIGUE', 'MALAISE',
                                             'ANOREXIA', 'LIVER BIG',
                                             'LIVER FIRM', 'SPLEEN PALPABLE',
                                             'SPIDERS', 'ASCITES', 'VARICES',
                                             'BILIRUBIN', 'ALK PHOSPHATE',
                                             'SGOT', 'ALBUMIN', 'PROTIME',
                                             'HISTOLOGY'],...
                 TransformerWrapper(exclude=None, include=[],
                                    transformer=SimpleImputer(add_indicator=False,
                                                              copy=True,
                                                              fill_value=None,
                                                              keep_empty_features=False,
                                                              missing_values=nan,
                                                              strategy='most_frequent',
                                                              verbose='deprecated'))),
                ('clean_column_names',
                 TransformerWrapper(exclude=None, include=None,
                                    transformer=CleanColumnNames(match='[\\]\\[\\,\\{\\}\\"\\:]+')))],
         verbose=False)
2024-01-16 14:59:15,789:INFO:Creating final display dataframe.
2024-01-16 14:59:15,833:INFO:Setup _display_container:                     Description             Value
0                    Session id              4920
1                        Target             Class
2                   Target type            Binary
3           Original data shape         (154, 20)
4        Transformed data shape         (154, 20)
5   Transformed train set shape         (107, 20)
6    Transformed test set shape          (47, 20)
7              Numeric features                19
8      Rows with missing values             48.1%
9                    Preprocess              True
10              Imputation type            simple
11           Numeric imputation              mean
12       Categorical imputation              mode
13               Fold Generator   StratifiedKFold
14                  Fold Number                10
15                     CPU Jobs                -1
16                      Use GPU             False
17               Log Experiment             False
18              Experiment Name  clf-default-name
19                          USI              acf8
2024-01-16 14:59:15,885:INFO:Soft dependency imported: xgboost: 2.0.3
2024-01-16 14:59:15,887:INFO:Soft dependency imported: catboost: 1.2.2
2024-01-16 14:59:15,934:INFO:Soft dependency imported: xgboost: 2.0.3
2024-01-16 14:59:15,936:INFO:Soft dependency imported: catboost: 1.2.2
2024-01-16 14:59:15,937:INFO:setup() successfully completed in 0.48s...............
2024-01-16 15:00:11,444:INFO:PyCaret ClassificationExperiment
2024-01-16 15:00:11,444:INFO:Logging name: clf-default-name
2024-01-16 15:00:11,444:INFO:ML Usecase: MLUsecase.CLASSIFICATION
2024-01-16 15:00:11,444:INFO:version 3.2.0
2024-01-16 15:00:11,444:INFO:Initializing setup()
2024-01-16 15:00:11,444:INFO:self.USI: bb7b
2024-01-16 15:00:11,444:INFO:self._variable_keys: {'idx', 'is_multiclass', 'logging_param', '_available_plots', 'exp_name_log', 'fold_generator', 'target_param', 'USI', 'y_test', 'y_train', 'gpu_param', 'gpu_n_jobs_param', 'seed', 'log_plots_param', 'exp_id', 'X_train', 'data', 'fold_shuffle_param', 'html_param', 'y', 'n_jobs_param', 'pipeline', 'fold_groups_param', 'X', 'X_test', '_ml_usecase', 'memory', 'fix_imbalance'}
2024-01-16 15:00:11,444:INFO:Checking environment
2024-01-16 15:00:11,444:INFO:python_version: 3.9.18
2024-01-16 15:00:11,445:INFO:python_build: ('main', 'Sep 11 2023 14:09:26')
2024-01-16 15:00:11,445:INFO:machine: AMD64
2024-01-16 15:00:11,445:INFO:platform: Windows-10-10.0.22621-SP0
2024-01-16 15:00:11,449:INFO:Memory: svmem(total=16908730368, available=6961127424, percent=58.8, used=9947602944, free=6961127424)
2024-01-16 15:00:11,449:INFO:Physical Core: 6
2024-01-16 15:00:11,449:INFO:Logical Core: 12
2024-01-16 15:00:11,449:INFO:Checking libraries
2024-01-16 15:00:11,449:INFO:System:
2024-01-16 15:00:11,449:INFO:    python: 3.9.18 (main, Sep 11 2023, 14:09:26) [MSC v.1916 64 bit (AMD64)]
2024-01-16 15:00:11,449:INFO:executable: d:\anaconda3\envs\clase_pycaret\python.exe
2024-01-16 15:00:11,449:INFO:   machine: Windows-10-10.0.22621-SP0
2024-01-16 15:00:11,449:INFO:PyCaret required dependencies:
2024-01-16 15:00:11,449:INFO:                 pip: 23.3.1
2024-01-16 15:00:11,449:INFO:          setuptools: 68.2.2
2024-01-16 15:00:11,449:INFO:             pycaret: 3.2.0
2024-01-16 15:00:11,449:INFO:             IPython: 8.18.1
2024-01-16 15:00:11,449:INFO:          ipywidgets: 8.1.1
2024-01-16 15:00:11,449:INFO:                tqdm: 4.66.1
2024-01-16 15:00:11,449:INFO:               numpy: 1.25.2
2024-01-16 15:00:11,449:INFO:              pandas: 1.5.3
2024-01-16 15:00:11,449:INFO:              jinja2: 3.1.3
2024-01-16 15:00:11,450:INFO:               scipy: 1.10.1
2024-01-16 15:00:11,450:INFO:              joblib: 1.3.2
2024-01-16 15:00:11,450:INFO:             sklearn: 1.2.2
2024-01-16 15:00:11,450:INFO:                pyod: 1.1.2
2024-01-16 15:00:11,450:INFO:            imblearn: 0.11.0
2024-01-16 15:00:11,450:INFO:   category_encoders: 2.6.3
2024-01-16 15:00:11,450:INFO:            lightgbm: 4.2.0
2024-01-16 15:00:11,450:INFO:               numba: 0.58.1
2024-01-16 15:00:11,450:INFO:            requests: 2.31.0
2024-01-16 15:00:11,450:INFO:          matplotlib: 3.6.0
2024-01-16 15:00:11,450:INFO:          scikitplot: 0.3.7
2024-01-16 15:00:11,450:INFO:         yellowbrick: 1.5
2024-01-16 15:00:11,450:INFO:              plotly: 5.18.0
2024-01-16 15:00:11,450:INFO:    plotly-resampler: Not installed
2024-01-16 15:00:11,450:INFO:             kaleido: 0.2.1
2024-01-16 15:00:11,450:INFO:           schemdraw: 0.15
2024-01-16 15:00:11,450:INFO:         statsmodels: 0.14.1
2024-01-16 15:00:11,450:INFO:              sktime: 0.21.1
2024-01-16 15:00:11,450:INFO:               tbats: 1.1.3
2024-01-16 15:00:11,450:INFO:            pmdarima: 2.0.4
2024-01-16 15:00:11,450:INFO:              psutil: 5.9.7
2024-01-16 15:00:11,450:INFO:          markupsafe: 2.1.3
2024-01-16 15:00:11,450:INFO:             pickle5: Not installed
2024-01-16 15:00:11,450:INFO:         cloudpickle: 2.2.1
2024-01-16 15:00:11,450:INFO:         deprecation: 2.1.0
2024-01-16 15:00:11,450:INFO:              xxhash: 3.4.1
2024-01-16 15:00:11,450:INFO:           wurlitzer: Not installed
2024-01-16 15:00:11,450:INFO:PyCaret optional dependencies:
2024-01-16 15:00:11,450:INFO:                shap: 0.44.0
2024-01-16 15:00:11,450:INFO:           interpret: 0.5.0
2024-01-16 15:00:11,450:INFO:                umap: 0.5.5
2024-01-16 15:00:11,450:INFO:     ydata_profiling: 4.6.0
2024-01-16 15:00:11,450:INFO:  explainerdashboard: 0.4.5
2024-01-16 15:00:11,450:INFO:             autoviz: Not installed
2024-01-16 15:00:11,450:INFO:           fairlearn: 0.7.0
2024-01-16 15:00:11,450:INFO:          deepchecks: Not installed
2024-01-16 15:00:11,450:INFO:             xgboost: 2.0.3
2024-01-16 15:00:11,450:INFO:            catboost: 1.2.2
2024-01-16 15:00:11,450:INFO:              kmodes: 0.12.2
2024-01-16 15:00:11,450:INFO:             mlxtend: 0.23.1
2024-01-16 15:00:11,450:INFO:       statsforecast: 1.5.0
2024-01-16 15:00:11,450:INFO:        tune_sklearn: 0.5.0
2024-01-16 15:00:11,450:INFO:                 ray: 2.9.0
2024-01-16 15:00:11,450:INFO:            hyperopt: 0.2.7
2024-01-16 15:00:11,450:INFO:              optuna: 3.5.0
2024-01-16 15:00:11,450:INFO:               skopt: 0.9.0
2024-01-16 15:00:11,450:INFO:              mlflow: 1.30.1
2024-01-16 15:00:11,450:INFO:              gradio: 3.50.2
2024-01-16 15:00:11,450:INFO:             fastapi: 0.109.0
2024-01-16 15:00:11,450:INFO:             uvicorn: 0.26.0
2024-01-16 15:00:11,451:INFO:              m2cgen: 0.10.0
2024-01-16 15:00:11,451:INFO:           evidently: 0.2.8
2024-01-16 15:00:11,451:INFO:               fugue: 0.8.6
2024-01-16 15:00:11,451:INFO:           streamlit: Not installed
2024-01-16 15:00:11,451:INFO:             prophet: Not installed
2024-01-16 15:00:11,451:INFO:None
2024-01-16 15:00:11,451:INFO:Set up data.
2024-01-16 15:00:11,456:INFO:Set up folding strategy.
2024-01-16 15:00:11,456:INFO:Set up train/test split.
2024-01-16 15:00:11,458:INFO:Set up index.
2024-01-16 15:00:11,458:INFO:Assigning column types.
2024-01-16 15:00:11,460:INFO:Engine successfully changes for model 'lr' to 'sklearn'.
2024-01-16 15:00:11,487:INFO:Engine for model 'knn' has not been set explicitly, hence returning None.
2024-01-16 15:00:11,487:INFO:Engine for model 'rbfsvm' has not been set explicitly, hence returning None.
2024-01-16 15:00:11,504:INFO:Soft dependency imported: xgboost: 2.0.3
2024-01-16 15:00:11,505:INFO:Soft dependency imported: catboost: 1.2.2
2024-01-16 15:00:11,534:INFO:Engine for model 'knn' has not been set explicitly, hence returning None.
2024-01-16 15:00:11,535:INFO:Engine for model 'rbfsvm' has not been set explicitly, hence returning None.
2024-01-16 15:00:11,559:INFO:Soft dependency imported: xgboost: 2.0.3
2024-01-16 15:00:11,561:INFO:Soft dependency imported: catboost: 1.2.2
2024-01-16 15:00:11,562:INFO:Engine successfully changes for model 'knn' to 'sklearn'.
2024-01-16 15:00:11,588:INFO:Engine for model 'rbfsvm' has not been set explicitly, hence returning None.
2024-01-16 15:00:11,605:INFO:Soft dependency imported: xgboost: 2.0.3
2024-01-16 15:00:11,607:INFO:Soft dependency imported: catboost: 1.2.2
2024-01-16 15:00:11,634:INFO:Engine for model 'rbfsvm' has not been set explicitly, hence returning None.
2024-01-16 15:00:11,656:INFO:Soft dependency imported: xgboost: 2.0.3
2024-01-16 15:00:11,658:INFO:Soft dependency imported: catboost: 1.2.2
2024-01-16 15:00:11,660:INFO:Engine successfully changes for model 'rbfsvm' to 'sklearn'.
2024-01-16 15:00:11,706:INFO:Soft dependency imported: xgboost: 2.0.3
2024-01-16 15:00:11,708:INFO:Soft dependency imported: catboost: 1.2.2
2024-01-16 15:00:11,750:INFO:Soft dependency imported: xgboost: 2.0.3
2024-01-16 15:00:11,752:INFO:Soft dependency imported: catboost: 1.2.2
2024-01-16 15:00:11,753:INFO:Preparing preprocessing pipeline...
2024-01-16 15:00:11,754:INFO:Set up simple imputation.
2024-01-16 15:00:11,755:INFO:Set up column name cleaning.
2024-01-16 15:00:11,768:INFO:Finished creating preprocessing pipeline.
2024-01-16 15:00:11,770:INFO:Pipeline: Pipeline(memory=FastMemory(location=C:\Users\alexg\AppData\Local\Temp\joblib),
         steps=[('numerical_imputer',
                 TransformerWrapper(exclude=None,
                                    include=['AGE', 'SEX', 'STEROID',
                                             'ANTIVIRALS', 'FATIGUE', 'MALAISE',
                                             'ANOREXIA', 'LIVER BIG',
                                             'LIVER FIRM', 'SPLEEN PALPABLE',
                                             'SPIDERS', 'ASCITES', 'VARICES',
                                             'BILIRUBIN', 'ALK PHOSPHATE',
                                             'SGOT', 'ALBUMIN', 'PROTIME',
                                             'HISTOLOGY'],...
                 TransformerWrapper(exclude=None, include=[],
                                    transformer=SimpleImputer(add_indicator=False,
                                                              copy=True,
                                                              fill_value=None,
                                                              keep_empty_features=False,
                                                              missing_values=nan,
                                                              strategy='most_frequent',
                                                              verbose='deprecated'))),
                ('clean_column_names',
                 TransformerWrapper(exclude=None, include=None,
                                    transformer=CleanColumnNames(match='[\\]\\[\\,\\{\\}\\"\\:]+')))],
         verbose=False)
2024-01-16 15:00:11,770:INFO:Creating final display dataframe.
2024-01-16 15:00:11,812:INFO:Setup _display_container:                     Description             Value
0                    Session id              4584
1                        Target             Class
2                   Target type            Binary
3           Original data shape         (154, 20)
4        Transformed data shape         (154, 20)
5   Transformed train set shape         (107, 20)
6    Transformed test set shape          (47, 20)
7              Numeric features                19
8      Rows with missing values             48.1%
9                    Preprocess              True
10              Imputation type            simple
11           Numeric imputation              mean
12       Categorical imputation              mode
13               Fold Generator   StratifiedKFold
14                  Fold Number                10
15                     CPU Jobs                -1
16                      Use GPU             False
17               Log Experiment             False
18              Experiment Name  clf-default-name
19                          USI              bb7b
2024-01-16 15:00:11,862:INFO:Soft dependency imported: xgboost: 2.0.3
2024-01-16 15:00:11,864:INFO:Soft dependency imported: catboost: 1.2.2
2024-01-16 15:00:11,909:INFO:Soft dependency imported: xgboost: 2.0.3
2024-01-16 15:00:11,911:INFO:Soft dependency imported: catboost: 1.2.2
2024-01-16 15:00:11,912:INFO:setup() successfully completed in 0.47s...............
2024-01-16 15:02:06,866:INFO:PyCaret ClassificationExperiment
2024-01-16 15:02:06,866:INFO:Logging name: clf-default-name
2024-01-16 15:02:06,866:INFO:ML Usecase: MLUsecase.CLASSIFICATION
2024-01-16 15:02:06,866:INFO:version 3.2.0
2024-01-16 15:02:06,866:INFO:Initializing setup()
2024-01-16 15:02:06,866:INFO:self.USI: 6ac4
2024-01-16 15:02:06,866:INFO:self._variable_keys: {'idx', 'is_multiclass', 'logging_param', '_available_plots', 'exp_name_log', 'fold_generator', 'target_param', 'USI', 'y_test', 'y_train', 'gpu_param', 'gpu_n_jobs_param', 'seed', 'log_plots_param', 'exp_id', 'X_train', 'data', 'fold_shuffle_param', 'html_param', 'y', 'n_jobs_param', 'pipeline', 'fold_groups_param', 'X', 'X_test', '_ml_usecase', 'memory', 'fix_imbalance'}
2024-01-16 15:02:06,866:INFO:Checking environment
2024-01-16 15:02:06,866:INFO:python_version: 3.9.18
2024-01-16 15:02:06,866:INFO:python_build: ('main', 'Sep 11 2023 14:09:26')
2024-01-16 15:02:06,866:INFO:machine: AMD64
2024-01-16 15:02:06,866:INFO:platform: Windows-10-10.0.22621-SP0
2024-01-16 15:02:06,870:INFO:Memory: svmem(total=16908730368, available=6766432256, percent=60.0, used=10142298112, free=6766432256)
2024-01-16 15:02:06,870:INFO:Physical Core: 6
2024-01-16 15:02:06,870:INFO:Logical Core: 12
2024-01-16 15:02:06,870:INFO:Checking libraries
2024-01-16 15:02:06,870:INFO:System:
2024-01-16 15:02:06,870:INFO:    python: 3.9.18 (main, Sep 11 2023, 14:09:26) [MSC v.1916 64 bit (AMD64)]
2024-01-16 15:02:06,870:INFO:executable: d:\anaconda3\envs\clase_pycaret\python.exe
2024-01-16 15:02:06,870:INFO:   machine: Windows-10-10.0.22621-SP0
2024-01-16 15:02:06,870:INFO:PyCaret required dependencies:
2024-01-16 15:02:06,870:INFO:                 pip: 23.3.1
2024-01-16 15:02:06,870:INFO:          setuptools: 68.2.2
2024-01-16 15:02:06,870:INFO:             pycaret: 3.2.0
2024-01-16 15:02:06,870:INFO:             IPython: 8.18.1
2024-01-16 15:02:06,871:INFO:          ipywidgets: 8.1.1
2024-01-16 15:02:06,871:INFO:                tqdm: 4.66.1
2024-01-16 15:02:06,871:INFO:               numpy: 1.25.2
2024-01-16 15:02:06,871:INFO:              pandas: 1.5.3
2024-01-16 15:02:06,871:INFO:              jinja2: 3.1.3
2024-01-16 15:02:06,871:INFO:               scipy: 1.10.1
2024-01-16 15:02:06,871:INFO:              joblib: 1.3.2
2024-01-16 15:02:06,871:INFO:             sklearn: 1.2.2
2024-01-16 15:02:06,871:INFO:                pyod: 1.1.2
2024-01-16 15:02:06,871:INFO:            imblearn: 0.11.0
2024-01-16 15:02:06,871:INFO:   category_encoders: 2.6.3
2024-01-16 15:02:06,871:INFO:            lightgbm: 4.2.0
2024-01-16 15:02:06,871:INFO:               numba: 0.58.1
2024-01-16 15:02:06,871:INFO:            requests: 2.31.0
2024-01-16 15:02:06,871:INFO:          matplotlib: 3.6.0
2024-01-16 15:02:06,871:INFO:          scikitplot: 0.3.7
2024-01-16 15:02:06,871:INFO:         yellowbrick: 1.5
2024-01-16 15:02:06,871:INFO:              plotly: 5.18.0
2024-01-16 15:02:06,871:INFO:    plotly-resampler: Not installed
2024-01-16 15:02:06,871:INFO:             kaleido: 0.2.1
2024-01-16 15:02:06,871:INFO:           schemdraw: 0.15
2024-01-16 15:02:06,871:INFO:         statsmodels: 0.14.1
2024-01-16 15:02:06,871:INFO:              sktime: 0.21.1
2024-01-16 15:02:06,871:INFO:               tbats: 1.1.3
2024-01-16 15:02:06,871:INFO:            pmdarima: 2.0.4
2024-01-16 15:02:06,871:INFO:              psutil: 5.9.7
2024-01-16 15:02:06,871:INFO:          markupsafe: 2.1.3
2024-01-16 15:02:06,871:INFO:             pickle5: Not installed
2024-01-16 15:02:06,871:INFO:         cloudpickle: 2.2.1
2024-01-16 15:02:06,871:INFO:         deprecation: 2.1.0
2024-01-16 15:02:06,871:INFO:              xxhash: 3.4.1
2024-01-16 15:02:06,871:INFO:           wurlitzer: Not installed
2024-01-16 15:02:06,871:INFO:PyCaret optional dependencies:
2024-01-16 15:02:06,871:INFO:                shap: 0.44.0
2024-01-16 15:02:06,871:INFO:           interpret: 0.5.0
2024-01-16 15:02:06,871:INFO:                umap: 0.5.5
2024-01-16 15:02:06,871:INFO:     ydata_profiling: 4.6.0
2024-01-16 15:02:06,871:INFO:  explainerdashboard: 0.4.5
2024-01-16 15:02:06,871:INFO:             autoviz: Not installed
2024-01-16 15:02:06,871:INFO:           fairlearn: 0.7.0
2024-01-16 15:02:06,871:INFO:          deepchecks: Not installed
2024-01-16 15:02:06,871:INFO:             xgboost: 2.0.3
2024-01-16 15:02:06,871:INFO:            catboost: 1.2.2
2024-01-16 15:02:06,871:INFO:              kmodes: 0.12.2
2024-01-16 15:02:06,871:INFO:             mlxtend: 0.23.1
2024-01-16 15:02:06,871:INFO:       statsforecast: 1.5.0
2024-01-16 15:02:06,871:INFO:        tune_sklearn: 0.5.0
2024-01-16 15:02:06,871:INFO:                 ray: 2.9.0
2024-01-16 15:02:06,871:INFO:            hyperopt: 0.2.7
2024-01-16 15:02:06,871:INFO:              optuna: 3.5.0
2024-01-16 15:02:06,871:INFO:               skopt: 0.9.0
2024-01-16 15:02:06,871:INFO:              mlflow: 1.30.1
2024-01-16 15:02:06,871:INFO:              gradio: 3.50.2
2024-01-16 15:02:06,871:INFO:             fastapi: 0.109.0
2024-01-16 15:02:06,872:INFO:             uvicorn: 0.26.0
2024-01-16 15:02:06,872:INFO:              m2cgen: 0.10.0
2024-01-16 15:02:06,872:INFO:           evidently: 0.2.8
2024-01-16 15:02:06,872:INFO:               fugue: 0.8.6
2024-01-16 15:02:06,872:INFO:           streamlit: Not installed
2024-01-16 15:02:06,872:INFO:             prophet: Not installed
2024-01-16 15:02:06,872:INFO:None
2024-01-16 15:02:06,872:INFO:Set up data.
2024-01-16 15:02:06,877:INFO:Set up folding strategy.
2024-01-16 15:02:06,877:INFO:Set up train/test split.
2024-01-16 15:02:06,880:INFO:Set up index.
2024-01-16 15:02:06,880:INFO:Assigning column types.
2024-01-16 15:02:06,882:INFO:Engine successfully changes for model 'lr' to 'sklearn'.
2024-01-16 15:02:06,913:INFO:Engine for model 'knn' has not been set explicitly, hence returning None.
2024-01-16 15:02:06,914:INFO:Engine for model 'rbfsvm' has not been set explicitly, hence returning None.
2024-01-16 15:02:06,931:INFO:Soft dependency imported: xgboost: 2.0.3
2024-01-16 15:02:06,933:INFO:Soft dependency imported: catboost: 1.2.2
2024-01-16 15:02:06,963:INFO:Engine for model 'knn' has not been set explicitly, hence returning None.
2024-01-16 15:02:06,964:INFO:Engine for model 'rbfsvm' has not been set explicitly, hence returning None.
2024-01-16 15:02:06,980:INFO:Soft dependency imported: xgboost: 2.0.3
2024-01-16 15:02:06,982:INFO:Soft dependency imported: catboost: 1.2.2
2024-01-16 15:02:06,982:INFO:Engine successfully changes for model 'knn' to 'sklearn'.
2024-01-16 15:02:07,009:INFO:Engine for model 'rbfsvm' has not been set explicitly, hence returning None.
2024-01-16 15:02:07,030:INFO:Soft dependency imported: xgboost: 2.0.3
2024-01-16 15:02:07,034:INFO:Soft dependency imported: catboost: 1.2.2
2024-01-16 15:02:07,061:INFO:Engine for model 'rbfsvm' has not been set explicitly, hence returning None.
2024-01-16 15:02:07,077:INFO:Soft dependency imported: xgboost: 2.0.3
2024-01-16 15:02:07,080:INFO:Soft dependency imported: catboost: 1.2.2
2024-01-16 15:02:07,080:INFO:Engine successfully changes for model 'rbfsvm' to 'sklearn'.
2024-01-16 15:02:07,124:INFO:Soft dependency imported: xgboost: 2.0.3
2024-01-16 15:02:07,126:INFO:Soft dependency imported: catboost: 1.2.2
2024-01-16 15:02:07,171:INFO:Soft dependency imported: xgboost: 2.0.3
2024-01-16 15:02:07,173:INFO:Soft dependency imported: catboost: 1.2.2
2024-01-16 15:02:07,174:INFO:Preparing preprocessing pipeline...
2024-01-16 15:02:07,174:INFO:Set up simple imputation.
2024-01-16 15:02:07,175:INFO:Set up column name cleaning.
2024-01-16 15:02:07,185:INFO:Finished creating preprocessing pipeline.
2024-01-16 15:02:07,188:INFO:Pipeline: Pipeline(memory=FastMemory(location=C:\Users\alexg\AppData\Local\Temp\joblib),
         steps=[('numerical_imputer',
                 TransformerWrapper(exclude=None,
                                    include=['AGE', 'SEX', 'STEROID',
                                             'ANTIVIRALS', 'FATIGUE', 'MALAISE',
                                             'ANOREXIA', 'LIVER BIG',
                                             'LIVER FIRM', 'SPLEEN PALPABLE',
                                             'SPIDERS', 'ASCITES', 'VARICES',
                                             'BILIRUBIN', 'ALK PHOSPHATE',
                                             'SGOT', 'ALBUMIN', 'PROTIME',
                                             'HISTOLOGY'],...
                 TransformerWrapper(exclude=None, include=[],
                                    transformer=SimpleImputer(add_indicator=False,
                                                              copy=True,
                                                              fill_value=None,
                                                              keep_empty_features=False,
                                                              missing_values=nan,
                                                              strategy='most_frequent',
                                                              verbose='deprecated'))),
                ('clean_column_names',
                 TransformerWrapper(exclude=None, include=None,
                                    transformer=CleanColumnNames(match='[\\]\\[\\,\\{\\}\\"\\:]+')))],
         verbose=False)
2024-01-16 15:02:07,188:INFO:Creating final display dataframe.
2024-01-16 15:02:07,229:INFO:Setup _display_container:                     Description             Value
0                    Session id               988
1                        Target             Class
2                   Target type            Binary
3           Original data shape         (154, 20)
4        Transformed data shape         (154, 20)
5   Transformed train set shape         (107, 20)
6    Transformed test set shape          (47, 20)
7              Numeric features                19
8      Rows with missing values             48.1%
9                    Preprocess              True
10              Imputation type            simple
11           Numeric imputation              mean
12       Categorical imputation              mode
13               Fold Generator   StratifiedKFold
14                  Fold Number                10
15                     CPU Jobs                -1
16                      Use GPU             False
17               Log Experiment             False
18              Experiment Name  clf-default-name
19                          USI              6ac4
2024-01-16 15:02:07,276:INFO:Soft dependency imported: xgboost: 2.0.3
2024-01-16 15:02:07,278:INFO:Soft dependency imported: catboost: 1.2.2
2024-01-16 15:02:07,323:INFO:Soft dependency imported: xgboost: 2.0.3
2024-01-16 15:02:07,324:INFO:Soft dependency imported: catboost: 1.2.2
2024-01-16 15:02:07,325:INFO:setup() successfully completed in 0.46s...............
